#
# There is insufficient memory for the Java Runtime Environment to continue.
# Native memory allocation (malloc) failed to allocate 118416 bytes for Chunk::new
# Possible reasons:
#   The system is out of physical RAM or swap space
#   The process is running with CompressedOops enabled, and the Java Heap may be blocking the growth of the native heap
# Possible solutions:
#   Reduce memory load on the system
#   Increase physical memory or swap space
#   Check if swap backing store is full
#   Decrease Java heap size (-Xmx/-Xms)
#   Decrease number of Java threads
#   Decrease Java thread stack sizes (-Xss)
#   Set larger code cache with -XX:ReservedCodeCacheSize=
#   JVM is running with Unscaled Compressed Oops mode in which the Java heap is
#     placed in the first 4GB address space. The Java Heap base address is the
#     maximum limit for the native heap growth. Please use -XX:HeapBaseMinAddress
#     to set the Java Heap base and to place the Java Heap above 4GB virtual address.
# This output file may be truncated or incomplete.
#
#  Out of Memory Error (allocation.cpp:389), pid=17196, tid=0x00000000000036c4
#
# JRE version: OpenJDK Runtime Environment (8.0_212-b04) (build 1.8.0_212-release-1586-b04)
# Java VM: OpenJDK 64-Bit Server VM (25.212-b04 mixed mode windows-amd64 compressed oops)
# Failed to write core dump. Minidumps are not enabled by default on client versions of Windows
#

---------------  T H R E A D  ---------------

Current thread (0x00000000182b9800):  JavaThread "C2 CompilerThread2" daemon [_thread_in_native, id=14020, stack(0x0000000019b10000,0x0000000019c10000)]

Stack: [0x0000000019b10000,0x0000000019c10000]
[error occurred during error reporting (printing stack bounds), id 0xc0000005]

Native frames: (J=compiled Java code, j=interpreted, Vv=VM code, C=native code)


Current CompileTask:
C2:   1193 1346   !   4       java.lang.ClassLoader::loadClass (122 bytes)


---------------  P R O C E S S  ---------------

Java Threads: ( => current thread )
  0x000000001ba06000 JavaThread "Thread-9" [_thread_blocked, id=11084, stack(0x000000001d930000,0x000000001da30000)]
  0x000000001ba02800 JavaThread "Stdin handler" [_thread_blocked, id=8824, stack(0x000000001d830000,0x000000001d930000)]
  0x000000001b96f800 JavaThread "Asynchronous log dispatcher for DefaultDaemonConnection: socket connection from /127.0.0.1:64420 to /127.0.0.1:64421" [_thread_blocked, id=11092, stack(0x000000001d730000,0x000000001d830000)]
  0x000000001b957000 JavaThread "Daemon worker" [_thread_in_native, id=9192, stack(0x000000001d630000,0x000000001d730000)]
  0x000000001b976800 JavaThread "Cancel handler" [_thread_blocked, id=3564, stack(0x000000001d430000,0x000000001d530000)]
  0x000000001b97c800 JavaThread "Handler for socket connection from /127.0.0.1:64420 to /127.0.0.1:64421" [_thread_in_native, id=8060, stack(0x000000001d130000,0x000000001d230000)]
  0x000000001b979800 JavaThread "Daemon" [_thread_blocked, id=13032, stack(0x000000001d030000,0x000000001d130000)]
  0x000000001b8fb800 JavaThread "Daemon periodic checks" [_thread_blocked, id=7700, stack(0x000000001cf30000,0x000000001d030000)]
  0x000000001b8ee800 JavaThread "Incoming local TCP Connector on port 64420" [_thread_in_native, id=17192, stack(0x000000001ccf0000,0x000000001cdf0000)]
  0x000000001b7de800 JavaThread "Daemon health stats" [_thread_blocked, id=13428, stack(0x000000001c6b0000,0x000000001c7b0000)]
  0x000000001833a800 JavaThread "Service Thread" daemon [_thread_blocked, id=14148, stack(0x0000000019d10000,0x0000000019e10000)]
  0x00000000182ba000 JavaThread "C1 CompilerThread3" daemon [_thread_blocked, id=3968, stack(0x0000000019c10000,0x0000000019d10000)]
=>0x00000000182b9800 JavaThread "C2 CompilerThread2" daemon [_thread_in_native, id=14020, stack(0x0000000019b10000,0x0000000019c10000)]
  0x00000000182b6800 JavaThread "C2 CompilerThread1" daemon [_thread_blocked, id=7660, stack(0x0000000019a10000,0x0000000019b10000)]
  0x00000000182ae000 JavaThread "C2 CompilerThread0" daemon [_thread_blocked, id=104, stack(0x0000000019910000,0x0000000019a10000)]
  0x00000000182ac000 JavaThread "Attach Listener" daemon [_thread_blocked, id=5156, stack(0x0000000019810000,0x0000000019910000)]
  0x00000000182ab000 JavaThread "Signal Dispatcher" daemon [_thread_blocked, id=6944, stack(0x0000000019710000,0x0000000019810000)]
  0x0000000002c0a000 JavaThread "Finalizer" daemon [_thread_blocked, id=11248, stack(0x0000000019510000,0x0000000019610000)]
  0x0000000016bcc800 JavaThread "Reference Handler" daemon [_thread_blocked, id=1788, stack(0x0000000019410000,0x0000000019510000)]
  0x000000000295e000 JavaThread "main" [_thread_blocked, id=14004, stack(0x0000000002a10000,0x0000000002b10000)]

Other Threads:
  0x0000000018282800 VMThread [stack: 0x0000000019310000,0x0000000019410000] [id=9452]
  0x000000001833b800 WatcherThread [stack: 0x0000000019e10000,0x0000000019f10000] [id=7944]

VM state:not at safepoint (normal execution)

VM Mutex/Monitor currently owned by a thread: None

heap address: 0x00000000a0000000, size: 1536 MB, Compressed Oops mode: 32-bit
Narrow klass base: 0x0000000000000000, Narrow klass shift: 3
Compressed class space size: 1073741824 Address: 0x0000000100000000

Heap:
 PSYoungGen      total 75776K, used 50822K [0x00000000e0000000, 0x00000000e5480000, 0x0000000100000000)
  eden space 65024K, 69% used [0x00000000e0000000,0x00000000e2bfb740,0x00000000e3f80000)
  from space 10752K, 53% used [0x00000000e3f80000,0x00000000e4526248,0x00000000e4a00000)
  to   space 10752K, 0% used [0x00000000e4a00000,0x00000000e4a00000,0x00000000e5480000)
 ParOldGen       total 173568K, used 16K [0x00000000a0000000, 0x00000000aa980000, 0x00000000e0000000)
  object space 173568K, 0% used [0x00000000a0000000,0x00000000a0004000,0x00000000aa980000)
 Metaspace       used 12665K, capacity 13046K, committed 13184K, reserved 1060864K
  class space    used 1727K, capacity 1835K, committed 1920K, reserved 1048576K

Card table byte_map: [0x0000000011fd0000,0x00000000122e0000] byte_map_base: 0x0000000011ad0000

Marking Bits: (ParMarkBitMap*) 0x0000000063839f30
 Begin Bits: [0x0000000012ee0000, 0x00000000146e0000)
 End Bits:   [0x00000000146e0000, 0x0000000015ee0000)

Polling page: 0x00000000007e0000

CodeCache: size=245760Kb used=4697Kb max_used=4708Kb free=241062Kb
 bounds [0x0000000002c10000, 0x00000000030b0000, 0x0000000011c10000]
 total_blobs=1732 nmethods=1358 adapters=287
 compilation: enabled

Compilation events (10 events):
Event: 1.176 Thread 0x00000000182b6800 nmethod 1350 0x0000000003083a90 code [0x0000000003083bc0, 0x0000000003083c38]
Event: 1.178 Thread 0x00000000182ae000 nmethod 1345% 0x00000000030a6390 code [0x00000000030a6520, 0x00000000030a71e8]
Event: 1.181 Thread 0x00000000182ba000 1353       3       java.lang.invoke.LambdaForm::uncustomize (58 bytes)
Event: 1.182 Thread 0x00000000182ba000 nmethod 1353 0x00000000030a3c50 code [0x00000000030a3dc0, 0x00000000030a4070]
Event: 1.182 Thread 0x00000000182ba000 1354       3       java.util.LinkedList::listIterator (15 bytes)
Event: 1.182 Thread 0x00000000182ba000 nmethod 1354 0x00000000030a33d0 code [0x00000000030a3580, 0x00000000030a3a08]
Event: 1.182 Thread 0x00000000182ba000 1355       3       java.lang.Class::cast (27 bytes)
Event: 1.182 Thread 0x00000000182ba000 nmethod 1355 0x00000000030aac50 code [0x00000000030aade0, 0x00000000030ab158]
Event: 1.183 Thread 0x00000000182ba000 1356       3       java.util.AbstractSequentialList::iterator (5 bytes)
Event: 1.183 Thread 0x00000000182ba000 nmethod 1356 0x00000000030aa710 code [0x00000000030aa880, 0x00000000030aab68]

GC Heap History (2 events):
Event: 0.554 GC heap before
{Heap before GC invocations=1 (full 0):
 PSYoungGen      total 75776K, used 65024K [0x00000000e0000000, 0x00000000e5480000, 0x0000000100000000)
  eden space 65024K, 100% used [0x00000000e0000000,0x00000000e3f80000,0x00000000e3f80000)
  from space 10752K, 0% used [0x00000000e4a00000,0x00000000e4a00000,0x00000000e5480000)
  to   space 10752K, 0% used [0x00000000e3f80000,0x00000000e3f80000,0x00000000e4a00000)
 ParOldGen       total 173568K, used 0K [0x00000000a0000000, 0x00000000aa980000, 0x00000000e0000000)
  object space 173568K, 0% used [0x00000000a0000000,0x00000000a0000000,0x00000000aa980000)
 Metaspace       used 7254K, capacity 7524K, committed 7680K, reserved 1056768K
  class space    used 892K, capacity 980K, committed 1024K, reserved 1048576K
Event: 0.559 GC heap after
Heap after GC invocations=1 (full 0):
 PSYoungGen      total 75776K, used 5784K [0x00000000e0000000, 0x00000000e5480000, 0x0000000100000000)
  eden space 65024K, 0% used [0x00000000e0000000,0x00000000e0000000,0x00000000e3f80000)
  from space 10752K, 53% used [0x00000000e3f80000,0x00000000e4526248,0x00000000e4a00000)
  to   space 10752K, 0% used [0x00000000e4a00000,0x00000000e4a00000,0x00000000e5480000)
 ParOldGen       total 173568K, used 16K [0x00000000a0000000, 0x00000000aa980000, 0x00000000e0000000)
  object space 173568K, 0% used [0x00000000a0000000,0x00000000a0004000,0x00000000aa980000)
 Metaspace       used 7254K, capacity 7524K, committed 7680K, reserved 1056768K
  class space    used 892K, capacity 980K, committed 1024K, reserved 1048576K
}

Deoptimization events (10 events):
Event: 0.510 Thread 0x000000000295e000 Uncommon trap: reason=null_assert action=make_not_entrant pc=0x0000000002e85c84 method=java.util.zip.ZipEntry.<init>(Ljava/util/zip/ZipEntry;)V @ 70
Event: 0.589 Thread 0x000000000295e000 Uncommon trap: reason=class_check action=maybe_recompile pc=0x0000000002eca844 method=java.util.regex.Matcher.match(II)Z @ 86
Event: 0.645 Thread 0x000000000295e000 Uncommon trap: reason=unstable_if action=reinterpret pc=0x0000000002ec1a08 method=java.util.HashMap.getNode(ILjava/lang/Object;)Ljava/util/HashMap$Node; @ 129
Event: 0.645 Thread 0x000000000295e000 Uncommon trap: reason=bimorphic action=maybe_recompile pc=0x0000000002e4af88 method=java.util.HashMap.putVal(ILjava/lang/Object;Ljava/lang/Object;ZZ)Ljava/lang/Object; @ 203
Event: 0.793 Thread 0x000000000295e000 Uncommon trap: reason=unstable_if action=reinterpret pc=0x0000000002ed72a0 method=java.io.WinNTFileSystem.normalize(Ljava/lang/String;)Ljava/lang/String; @ 128
Event: 1.048 Thread 0x000000001b97c800 Uncommon trap: reason=unstable_if action=reinterpret pc=0x0000000002fda7b8 method=java.util.concurrent.ConcurrentHashMap.putVal(Ljava/lang/Object;Ljava/lang/Object;Z)Ljava/lang/Object; @ 206
Event: 1.076 Thread 0x000000001b957000 Uncommon trap: reason=bimorphic action=maybe_recompile pc=0x0000000002e4af44 method=java.util.HashMap.putVal(ILjava/lang/Object;Ljava/lang/Object;ZZ)Ljava/lang/Object; @ 253
Event: 1.076 Thread 0x000000001b957000 Uncommon trap: reason=bimorphic action=maybe_recompile pc=0x0000000002e4af44 method=java.util.HashMap.putVal(ILjava/lang/Object;Ljava/lang/Object;ZZ)Ljava/lang/Object; @ 253
Event: 1.076 Thread 0x000000001b957000 Uncommon trap: reason=bimorphic action=maybe_recompile pc=0x0000000002e4af44 method=java.util.HashMap.putVal(ILjava/lang/Object;Ljava/lang/Object;ZZ)Ljava/lang/Object; @ 253
Event: 1.076 Thread 0x000000001b957000 Uncommon trap: reason=bimorphic action=maybe_recompile pc=0x0000000002e4e060 method=java.util.HashMap.putVal(ILjava/lang/Object;Ljava/lang/Object;ZZ)Ljava/lang/Object; @ 253

Classes redefined (0 events):
No events

Internal exceptions (10 events):
Event: 1.050 Thread 0x000000001b97c800 Exception <a 'java/lang/NoSuchMethodError': <clinit>> (0x00000000e1bbd3b0) thrown at [D:\src\AOSP-openjdk-cygwin\jdk8u\hotspot\src\share\vm\prims\jni.cpp, line 1614]
Event: 1.052 Thread 0x000000001b97c800 Exception <a 'java/lang/NoSuchMethodError': <clinit>> (0x00000000e1bd04e8) thrown at [D:\src\AOSP-openjdk-cygwin\jdk8u\hotspot\src\share\vm\prims\jni.cpp, line 1614]
Event: 1.053 Thread 0x000000001b97c800 Exception <a 'java/lang/NoSuchMethodError': <clinit>> (0x00000000e1bf7870) thrown at [D:\src\AOSP-openjdk-cygwin\jdk8u\hotspot\src\share\vm\prims\jni.cpp, line 1614]
Event: 1.054 Thread 0x000000001b97c800 Exception <a 'java/lang/NoSuchMethodError': <clinit>> (0x00000000e1c0f828) thrown at [D:\src\AOSP-openjdk-cygwin\jdk8u\hotspot\src\share\vm\prims\jni.cpp, line 1614]
Event: 1.054 Thread 0x000000001b97c800 Exception <a 'java/lang/NoSuchMethodError': <clinit>> (0x00000000e1c184b8) thrown at [D:\src\AOSP-openjdk-cygwin\jdk8u\hotspot\src\share\vm\prims\jni.cpp, line 1614]
Event: 1.055 Thread 0x000000001b97c800 Exception <a 'java/lang/NoSuchMethodError': <clinit>> (0x00000000e1c2ea78) thrown at [D:\src\AOSP-openjdk-cygwin\jdk8u\hotspot\src\share\vm\prims\jni.cpp, line 1614]
Event: 1.059 Thread 0x000000001b97c800 Exception <a 'java/lang/NoSuchMethodError': <clinit>> (0x00000000e1c8cab0) thrown at [D:\src\AOSP-openjdk-cygwin\jdk8u\hotspot\src\share\vm\prims\jni.cpp, line 1614]
Event: 1.061 Thread 0x000000001b97c800 Exception <a 'java/lang/NoSuchMethodError': <clinit>> (0x00000000e1cb97f8) thrown at [D:\src\AOSP-openjdk-cygwin\jdk8u\hotspot\src\share\vm\prims\jni.cpp, line 1614]
Event: 1.062 Thread 0x000000001b97c800 Exception <a 'java/lang/NoSuchMethodError': <clinit>> (0x00000000e1ce7c08) thrown at [D:\src\AOSP-openjdk-cygwin\jdk8u\hotspot\src\share\vm\prims\jni.cpp, line 1614]
Event: 1.063 Thread 0x000000001b97c800 Exception <a 'java/lang/NoSuchMethodError': <clinit>> (0x00000000e1cf3010) thrown at [D:\src\AOSP-openjdk-cygwin\jdk8u\hotspot\src\share\vm\prims\jni.cpp, line 1614]

Events (10 events):
Event: 1.186 loading class org/gradle/internal/build/BuildStateRegistry
Event: 1.186 loading class org/gradle/internal/build/BuildStateRegistry done
Event: 1.186 loading class org/gradle/api/internal/artifacts/ivyservice/projectmodule/LocalComponentProvider
Event: 1.186 loading class org/gradle/api/internal/artifacts/ivyservice/projectmodule/LocalComponentProvider done
Event: 1.188 loading class org/gradle/composite/internal/IncludedBuildControllers
Event: 1.188 loading class org/gradle/composite/internal/IncludedBuildControllers done
Event: 1.188 loading class org/gradle/api/internal/artifacts/DependencyManagementBuildTreeScopeServices
Event: 1.188 loading class org/gradle/api/internal/artifacts/DependencyManagementBuildTreeScopeServices done
Event: 1.188 loading class org/gradle/api/internal/artifacts/ivyservice/resolveengine/store/ResolutionResultsStoreFactory
Event: 1.188 loading class org/gradle/api/internal/artifacts/ivyservice/resolveengine/store/ResolutionResultsStoreFactory done


Dynamic libraries:
0x00007ff6ceca0000 - 0x00007ff6cecd1000 	C:\Program Files\Android\Android Studio\jre\bin\java.exe
0x00007ffde7800000 - 0x00007ffde79f0000 	C:\WINDOWS\SYSTEM32\ntdll.dll
0x00007ffde5f50000 - 0x00007ffde6002000 	C:\WINDOWS\System32\KERNEL32.DLL
0x00007ffde4b50000 - 0x00007ffde4df3000 	C:\WINDOWS\System32\KERNELBASE.dll
0x00007ffde6e60000 - 0x00007ffde6f03000 	C:\WINDOWS\System32\ADVAPI32.dll
0x00007ffde7660000 - 0x00007ffde76fe000 	C:\WINDOWS\System32\msvcrt.dll
0x00007ffde5990000 - 0x00007ffde5a27000 	C:\WINDOWS\System32\sechost.dll
0x00007ffde71e0000 - 0x00007ffde7300000 	C:\WINDOWS\System32\RPCRT4.dll
0x00007ffde74c0000 - 0x00007ffde7654000 	C:\WINDOWS\System32\USER32.dll
0x00007ffde48b0000 - 0x00007ffde48d1000 	C:\WINDOWS\System32\win32u.dll
0x00007ffde70e0000 - 0x00007ffde7106000 	C:\WINDOWS\System32\GDI32.dll
0x00007ffde4f30000 - 0x00007ffde50c4000 	C:\WINDOWS\System32\gdi32full.dll
0x00007ffde4790000 - 0x00007ffde482e000 	C:\WINDOWS\System32\msvcp_win.dll
0x00007ffde48e0000 - 0x00007ffde49da000 	C:\WINDOWS\System32\ucrtbase.dll
0x00007ffdd9350000 - 0x00007ffdd95d5000 	C:\WINDOWS\WinSxS\amd64_microsoft.windows.common-controls_6595b64144ccf1df_6.0.18362.720_none_e6beb5c51314836b\COMCTL32.dll
0x00007ffde5c10000 - 0x00007ffde5f46000 	C:\WINDOWS\System32\combase.dll
0x00007ffde4830000 - 0x00007ffde48b0000 	C:\WINDOWS\System32\bcryptPrimitives.dll
0x00007ffde7780000 - 0x00007ffde77ae000 	C:\WINDOWS\System32\IMM32.DLL
0x0000000062eb0000 - 0x0000000062f82000 	C:\Program Files\Android\Android Studio\jre\jre\bin\msvcr100.dll
0x0000000063070000 - 0x00000000638b6000 	C:\Program Files\Android\Android Studio\jre\jre\bin\server\jvm.dll
0x00007ffde77b0000 - 0x00007ffde77b8000 	C:\WINDOWS\System32\PSAPI.DLL
0x00007ffde0c30000 - 0x00007ffde0c39000 	C:\WINDOWS\SYSTEM32\WSOCK32.dll
0x00007ffde2720000 - 0x00007ffde2744000 	C:\WINDOWS\SYSTEM32\WINMM.dll
0x00007ffde0370000 - 0x00007ffde037a000 	C:\WINDOWS\SYSTEM32\VERSION.dll
0x00007ffde6fe0000 - 0x00007ffde704f000 	C:\WINDOWS\System32\WS2_32.dll
0x00007ffde26f0000 - 0x00007ffde271d000 	C:\WINDOWS\SYSTEM32\winmmbase.dll
0x00007ffde4ee0000 - 0x00007ffde4f2a000 	C:\WINDOWS\System32\cfgmgr32.dll
0x00007ffde0c10000 - 0x00007ffde0c1f000 	C:\Program Files\Android\Android Studio\jre\jre\bin\verify.dll
0x00007ffddda90000 - 0x00007ffdddab9000 	C:\Program Files\Android\Android Studio\jre\jre\bin\java.dll
0x00007ffddda70000 - 0x00007ffddda86000 	C:\Program Files\Android\Android Studio\jre\jre\bin\zip.dll
0x00007ffde6010000 - 0x00007ffde66f5000 	C:\WINDOWS\System32\SHELL32.dll
0x00007ffde5a30000 - 0x00007ffde5ad9000 	C:\WINDOWS\System32\shcore.dll
0x00007ffde50d0000 - 0x00007ffde5850000 	C:\WINDOWS\System32\windows.storage.dll
0x00007ffde4710000 - 0x00007ffde4733000 	C:\WINDOWS\System32\profapi.dll
0x00007ffde4740000 - 0x00007ffde478a000 	C:\WINDOWS\System32\powrprof.dll
0x00007ffde46c0000 - 0x00007ffde46d0000 	C:\WINDOWS\System32\UMPDC.dll
0x00007ffde7110000 - 0x00007ffde7162000 	C:\WINDOWS\System32\shlwapi.dll
0x00007ffde46d0000 - 0x00007ffde46e1000 	C:\WINDOWS\System32\kernel.appcore.dll
0x00007ffde49e0000 - 0x00007ffde49f7000 	C:\WINDOWS\System32\cryptsp.dll
0x00007ffddda50000 - 0x00007ffddda6a000 	C:\Program Files\Android\Android Studio\jre\jre\bin\net.dll
0x00007ffdd7300000 - 0x00007ffdd74d5000 	C:\WINDOWS\SYSTEM32\urlmon.dll
0x00007ffdd8490000 - 0x00007ffdd8736000 	C:\WINDOWS\SYSTEM32\iertutil.dll
0x00007ffde40a0000 - 0x00007ffde40ac000 	C:\WINDOWS\SYSTEM32\CRYPTBASE.DLL
0x00007ffde3ed0000 - 0x00007ffde3f37000 	C:\WINDOWS\system32\mswsock.dll
0x00007ffddd2b0000 - 0x00007ffddd2c3000 	C:\Program Files\Android\Android Studio\jre\jre\bin\nio.dll
0x00007ffdbf110000 - 0x00007ffdbf136000 	C:\Users\samx\.gradle\native\30\windows-amd64\native-platform.dll
0x00007ffddd9a0000 - 0x00007ffddd9ad000 	C:\Program Files\Android\Android Studio\jre\jre\bin\management.dll
0x00007ffde3a40000 - 0x00007ffde3a73000 	C:\WINDOWS\system32\rsaenh.dll
0x00007ffde4eb0000 - 0x00007ffde4ed6000 	C:\WINDOWS\System32\bcrypt.dll
0x00007ffde45e0000 - 0x00007ffde4605000 	C:\WINDOWS\SYSTEM32\USERENV.dll
0x00007ffde3be0000 - 0x00007ffde3c1a000 	C:\WINDOWS\SYSTEM32\IPHLPAPI.DLL
0x00007ffde5980000 - 0x00007ffde5988000 	C:\WINDOWS\System32\NSI.dll
0x00007ffddf920000 - 0x00007ffddf936000 	C:\WINDOWS\SYSTEM32\dhcpcsvc6.DLL
0x00007ffddf750000 - 0x00007ffddf76c000 	C:\WINDOWS\SYSTEM32\dhcpcsvc.DLL
0x00007ffde3c20000 - 0x00007ffde3cea000 	C:\WINDOWS\SYSTEM32\DNSAPI.dll

VM Arguments:
jvm_args: -Xmx1536m -Dfile.encoding=windows-1252 -Duser.country=IN -Duser.language=en -Duser.variant 
java_command: org.gradle.launcher.daemon.bootstrap.GradleDaemon 5.6.4
java_class_path (initial): C:\Users\samx\.gradle\wrapper\dists\gradle-5.6.4-all\ankdp27end7byghfw1q2sw75f\gradle-5.6.4\lib\gradle-launcher-5.6.4.jar
Launcher Type: SUN_STANDARD

Environment Variables:
PATH=C:\Program Files (x86)\Intel\Intel(R) Management Engine Components\iCLS\;C:\Program Files\Intel\Intel(R) Management Engine Components\iCLS\;C:\WINDOWS\system32;C:\WINDOWS;C:\WINDOWS\System32\Wbem;C:\WINDOWS\System32\WindowsPowerShell\v1.0\;C:\Program Files (x86)\Intel\Intel(R) Management Engine Components\DAL;C:\Program Files\Intel\Intel(R) Management Engine Components\DAL;C:\Program Files (x86)\Intel\Intel(R) Management Engine Components\IPT;C:\Program Files\Intel\Intel(R) Management Engine Components\IPT;C:\WINDOWS\System32\OpenSSH\;C:\Program Files\dotnet\;C:\Program Files\Microsoft SQL Server\130\Tools\Binn\;C:\Program Files\Microsoft SQL Server\Client SDK\ODBC\170\Tools\Binn\;C:\Program Files\Git\cmd;C:\Users\samx\AppData\Local\Microsoft\WindowsApps;C:\Users\samx\AppData\Local\atom\bin;C:\Users\samx\AppData\Local\GitHubDesktop\bin;C:\Users\samx\AppData\Local\Microsoft\WindowsApps;;C:\Users\samx\AppData\Local\Programs\Microsoft VS Code\bin
USERNAME=samx
OS=Windows_NT
PROCESSOR_IDENTIFIER=Intel64 Family 6 Model 158 Stepping 10, GenuineIntel



---------------  S Y S T E M  ---------------

OS: Windows 10.0 , 64 bit Build 18362 (10.0.18362.329)

CPU:total 12 (initial active 12) (6 cores per cpu, 2 threads per core) family 6 model 158 stepping 10, cmov, cx8, fxsr, mmx, sse, sse2, sse3, ssse3, sse4.1, sse4.2, popcnt, avx, avx2, aes, clmul, erms, rtm, 3dnowpref, lzcnt, ht, tsc, tscinvbit, bmi1, bmi2, adx

Memory: 4k page, physical 16626012k(5742300k free), swap 66957660k(740k free)

vm_info: OpenJDK 64-Bit Server VM (25.212-b04) for windows-amd64 JRE (1.8.0_212-release-1586-b04), built by "builder" with MS VC++ 10.0 (VS2010)

time: Fri Mar 20 17:35:10 2020
timezone: India Standard Time
elapsed time: 1 seconds (0d 0h 0m 1s)

