#
# There is insufficient memory for the Java Runtime Environment to continue.
# Native memory allocation (malloc) failed to allocate 32744 bytes for ChunkPool::allocate
# Possible reasons:
#   The system is out of physical RAM or swap space
#   The process is running with CompressedOops enabled, and the Java Heap may be blocking the growth of the native heap
# Possible solutions:
#   Reduce memory load on the system
#   Increase physical memory or swap space
#   Check if swap backing store is full
#   Decrease Java heap size (-Xmx/-Xms)
#   Decrease number of Java threads
#   Decrease Java thread stack sizes (-Xss)
#   Set larger code cache with -XX:ReservedCodeCacheSize=
#   JVM is running with Unscaled Compressed Oops mode in which the Java heap is
#     placed in the first 4GB address space. The Java Heap base address is the
#     maximum limit for the native heap growth. Please use -XX:HeapBaseMinAddress
#     to set the Java Heap base and to place the Java Heap above 4GB virtual address.
# This output file may be truncated or incomplete.
#
#  Out of Memory Error (allocation.cpp:272), pid=5680, tid=0x00000000000042a4
#
# JRE version: OpenJDK Runtime Environment (8.0_202-b03) (build 1.8.0_202-release-1483-b03)
# Java VM: OpenJDK 64-Bit Server VM (25.202-b03 mixed mode windows-amd64 compressed oops)
# Failed to write core dump. Minidumps are not enabled by default on client versions of Windows
#

---------------  T H R E A D  ---------------

Current thread (0x000000001d744000):  JavaThread "Daemon worker Thread 2" [_thread_in_vm, id=17060, stack(0x000000001d0f0000,0x000000001d1f0000)]

Stack: [0x000000001d0f0000,0x000000001d1f0000]
[error occurred during error reporting (printing stack bounds), id 0xc0000005]

Native frames: (J=compiled Java code, j=interpreted, Vv=VM code, C=native code)

Java frames: (J=compiled Java code, j=interpreted, Vv=VM code)
J 2139  sun.reflect.NativeConstructorAccessorImpl.newInstance0(Ljava/lang/reflect/Constructor;[Ljava/lang/Object;)Ljava/lang/Object; (0 bytes) @ 0x0000000003bba626 [0x0000000003bba5c0+0x66]
J 2138 C1 sun.reflect.NativeConstructorAccessorImpl.newInstance([Ljava/lang/Object;)Ljava/lang/Object; (89 bytes) @ 0x0000000003bd6c94 [0x0000000003bd5c40+0x1054]
J 2326 C1 sun.reflect.DelegatingConstructorAccessorImpl.newInstance([Ljava/lang/Object;)Ljava/lang/Object; (9 bytes) @ 0x0000000003ca6604 [0x0000000003ca6500+0x104]
J 2174 C1 java.lang.reflect.Constructor.newInstance([Ljava/lang/Object;)Ljava/lang/Object; (87 bytes) @ 0x0000000003bed2cc [0x0000000003bece00+0x4cc]
J 4092 C1 org.gradle.internal.instantiation.AsmBackedClassGenerator.newInstance(Ljava/lang/reflect/Constructor;Lorg/gradle/internal/service/ServiceLookup;Lorg/gradle/internal/reflect/Instantiator;[Ljava/lang/Object;)Ljava/lang/Object; (63 bytes) @ 0x00000000040105e4 [0x000000000400fc00+0x9e4]
J 4089 C1 org.gradle.internal.instantiation.DependencyInjectingInstantiator.newInstance(Ljava/lang/Class;[Ljava/lang/Object;)Ljava/lang/Object; (58 bytes) @ 0x000000000400a654 [0x000000000400a3a0+0x2b4]
j  org.gradle.api.internal.artifacts.repositories.DefaultBaseRepositoryFactory.createMavenRepository(Lorg/gradle/api/Transformer;)Lorg/gradle/api/artifacts/repositories/MavenArtifactRepository;+130
j  org.gradle.api.internal.artifacts.repositories.DefaultBaseRepositoryFactory.createGoogleRepository()Lorg/gradle/api/artifacts/repositories/MavenArtifactRepository;+11
j  org.gradle.api.internal.artifacts.dsl.DefaultRepositoryHandler.google()Lorg/gradle/api/artifacts/repositories/MavenArtifactRepository;+5
v  ~StubRoutines::call_stub
J 1606  sun.reflect.NativeMethodAccessorImpl.invoke0(Ljava/lang/reflect/Method;Ljava/lang/Object;[Ljava/lang/Object;)Ljava/lang/Object; (0 bytes) @ 0x000000000394a13f [0x000000000394a0c0+0x7f]
J 1605 C1 sun.reflect.NativeMethodAccessorImpl.invoke(Ljava/lang/Object;[Ljava/lang/Object;)Ljava/lang/Object; (104 bytes) @ 0x000000000394c4a4 [0x000000000394b300+0x11a4]
J 6581 C2 java.lang.reflect.Method.invoke(Ljava/lang/Object;[Ljava/lang/Object;)Ljava/lang/Object; (62 bytes) @ 0x0000000003957ab4 [0x0000000003957a00+0xb4]
J 4575 C1 org.codehaus.groovy.reflection.CachedMethod.invoke(Ljava/lang/Object;[Ljava/lang/Object;)Ljava/lang/Object; (80 bytes) @ 0x0000000003c2c98c [0x0000000003c2c620+0x36c]
j  groovy.lang.MetaMethod.doMethodInvoke(Ljava/lang/Object;[Ljava/lang/Object;)Ljava/lang/Object;+9
j  org.gradle.internal.metaobject.BeanDynamicObject$MetaClassAdapter.invokeMethod(Ljava/lang/String;[Ljava/lang/Object;)Lorg/gradle/internal/metaobject/DynamicInvokeResult;+36
j  org.gradle.internal.metaobject.BeanDynamicObject.tryInvokeMethod(Ljava/lang/String;[Ljava/lang/Object;)Lorg/gradle/internal/metaobject/DynamicInvokeResult;+6
j  org.gradle.internal.metaobject.CompositeDynamicObject.tryInvokeMethod(Ljava/lang/String;[Ljava/lang/Object;)Lorg/gradle/internal/metaobject/DynamicInvokeResult;+29
j  org.gradle.internal.extensibility.MixInClosurePropertiesAsMethodsDynamicObject.tryInvokeMethod(Ljava/lang/String;[Ljava/lang/Object;)Lorg/gradle/internal/metaobject/DynamicInvokeResult;+3
j  org.gradle.internal.metaobject.ConfigureDelegate.invokeMethod(Ljava/lang/String;Ljava/lang/Object;)Ljava/lang/Object;+22
j  org.codehaus.groovy.runtime.metaclass.ClosureMetaClass.invokeOnDelegationObjects(ZLjava/lang/Object;ZLjava/lang/Object;Ljava/lang/String;[Ljava/lang/Object;)Ljava/lang/Object;+19
j  org.codehaus.groovy.runtime.metaclass.ClosureMetaClass.invokeMethod(Ljava/lang/Class;Ljava/lang/Object;Ljava/lang/String;[Ljava/lang/Object;ZZ)Ljava/lang/Object;+711
j  org.codehaus.groovy.runtime.callsite.PogoMetaClassSite.callCurrent(Lgroovy/lang/GroovyObject;[Ljava/lang/Object;)Ljava/lang/Object;+27
j  org.codehaus.groovy.runtime.callsite.AbstractCallSite.callCurrent(Lgroovy/lang/GroovyObject;)Ljava/lang/Object;+5
j  build_bqg9xmnzmkss3frc6eeplc78s$_run_closure1$_closure3.doCall(Ljava/lang/Object;)Ljava/lang/Object;+9
v  ~StubRoutines::call_stub
J 1606  sun.reflect.NativeMethodAccessorImpl.invoke0(Ljava/lang/reflect/Method;Ljava/lang/Object;[Ljava/lang/Object;)Ljava/lang/Object; (0 bytes) @ 0x000000000394a13f [0x000000000394a0c0+0x7f]
J 1605 C1 sun.reflect.NativeMethodAccessorImpl.invoke(Ljava/lang/Object;[Ljava/lang/Object;)Ljava/lang/Object; (104 bytes) @ 0x000000000394c4a4 [0x000000000394b300+0x11a4]
J 6581 C2 java.lang.reflect.Method.invoke(Ljava/lang/Object;[Ljava/lang/Object;)Ljava/lang/Object; (62 bytes) @ 0x0000000003957ab4 [0x0000000003957a00+0xb4]
J 4575 C1 org.codehaus.groovy.reflection.CachedMethod.invoke(Ljava/lang/Object;[Ljava/lang/Object;)Ljava/lang/Object; (80 bytes) @ 0x0000000003c2c98c [0x0000000003c2c620+0x36c]
j  groovy.lang.MetaMethod.doMethodInvoke(Ljava/lang/Object;[Ljava/lang/Object;)Ljava/lang/Object;+9
j  org.codehaus.groovy.runtime.metaclass.ClosureMetaClass.invokeMethod(Ljava/lang/Class;Ljava/lang/Object;Ljava/lang/String;[Ljava/lang/Object;ZZ)Ljava/lang/Object;+225
J 4615 C1 groovy.lang.MetaClassImpl.invokeMethod(Ljava/lang/Object;Ljava/lang/String;[Ljava/lang/Object;)Ljava/lang/Object; (14 bytes) @ 0x000000000419c4ac [0x000000000419c380+0x12c]
J 4617 C1 groovy.lang.Closure.call([Ljava/lang/Object;)Ljava/lang/Object; (30 bytes) @ 0x000000000419ca14 [0x000000000419c860+0x1b4]
j  groovy.lang.Closure.call(Ljava/lang/Object;)Ljava/lang/Object;+9
j  org.gradle.util.ClosureBackedAction.execute(Ljava/lang/Object;)V+80
j  org.gradle.util.ConfigureUtil.configureTarget(Lgroovy/lang/Closure;Ljava/lang/Object;Lorg/gradle/internal/metaobject/ConfigureDelegate;)V+44
j  org.gradle.util.ConfigureUtil.configureSelf(Lgroovy/lang/Closure;Ljava/lang/Object;)Ljava/lang/Object;+17
j  org.gradle.api.internal.artifacts.DefaultArtifactRepositoryContainer.configure(Lgroovy/lang/Closure;)Lorg/gradle/api/internal/artifacts/DefaultArtifactRepositoryContainer;+2
j  org.gradle.api.internal.artifacts.DefaultArtifactRepositoryContainer.configure(Lgroovy/lang/Closure;)Ljava/lang/Object;+2
j  org.gradle.util.ConfigureUtil.configure(Lgroovy/lang/Closure;Ljava/lang/Object;)Ljava/lang/Object;+18
j  org.gradle.api.internal.project.DefaultProject.repositories(Lgroovy/lang/Closure;)V+5
v  ~StubRoutines::call_stub
J 1606  sun.reflect.NativeMethodAccessorImpl.invoke0(Ljava/lang/reflect/Method;Ljava/lang/Object;[Ljava/lang/Object;)Ljava/lang/Object; (0 bytes) @ 0x000000000394a13f [0x000000000394a0c0+0x7f]
J 1605 C1 sun.reflect.NativeMethodAccessorImpl.invoke(Ljava/lang/Object;[Ljava/lang/Object;)Ljava/lang/Object; (104 bytes) @ 0x000000000394c4a4 [0x000000000394b300+0x11a4]
J 6581 C2 java.lang.reflect.Method.invoke(Ljava/lang/Object;[Ljava/lang/Object;)Ljava/lang/Object; (62 bytes) @ 0x0000000003957ab4 [0x0000000003957a00+0xb4]
J 4575 C1 org.codehaus.groovy.reflection.CachedMethod.invoke(Ljava/lang/Object;[Ljava/lang/Object;)Ljava/lang/Object; (80 bytes) @ 0x0000000003c2c98c [0x0000000003c2c620+0x36c]
j  groovy.lang.MetaMethod.doMethodInvoke(Ljava/lang/Object;[Ljava/lang/Object;)Ljava/lang/Object;+9
j  org.gradle.internal.metaobject.BeanDynamicObject$MetaClassAdapter.invokeMethod(Ljava/lang/String;[Ljava/lang/Object;)Lorg/gradle/internal/metaobject/DynamicInvokeResult;+36
j  org.gradle.internal.metaobject.BeanDynamicObject.tryInvokeMethod(Ljava/lang/String;[Ljava/lang/Object;)Lorg/gradle/internal/metaobject/DynamicInvokeResult;+6
j  org.gradle.internal.metaobject.CompositeDynamicObject.tryInvokeMethod(Ljava/lang/String;[Ljava/lang/Object;)Lorg/gradle/internal/metaobject/DynamicInvokeResult;+29
j  org.gradle.internal.extensibility.MixInClosurePropertiesAsMethodsDynamicObject.tryInvokeMethod(Ljava/lang/String;[Ljava/lang/Object;)Lorg/gradle/internal/metaobject/DynamicInvokeResult;+3
j  org.gradle.internal.metaobject.ConfigureDelegate.invokeMethod(Ljava/lang/String;Ljava/lang/Object;)Ljava/lang/Object;+22
j  org.codehaus.groovy.runtime.metaclass.ClosureMetaClass.invokeOnDelegationObjects(ZLjava/lang/Object;ZLjava/lang/Object;Ljava/lang/String;[Ljava/lang/Object;)Ljava/lang/Object;+19
j  org.codehaus.groovy.runtime.metaclass.ClosureMetaClass.invokeMethod(Ljava/lang/Class;Ljava/lang/Object;Ljava/lang/String;[Ljava/lang/Object;ZZ)Ljava/lang/Object;+711
j  org.codehaus.groovy.runtime.callsite.PogoMetaClassSite.callCurrent(Lgroovy/lang/GroovyObject;[Ljava/lang/Object;)Ljava/lang/Object;+27
j  org.codehaus.groovy.runtime.callsite.AbstractCallSite.callCurrent(Lgroovy/lang/GroovyObject;Ljava/lang/Object;)Ljava/lang/Object;+33
j  build_bqg9xmnzmkss3frc6eeplc78s$_run_closure1.doCall(Ljava/lang/Object;)Ljava/lang/Object;+21
v  ~StubRoutines::call_stub
J 1606  sun.reflect.NativeMethodAccessorImpl.invoke0(Ljava/lang/reflect/Method;Ljava/lang/Object;[Ljava/lang/Object;)Ljava/lang/Object; (0 bytes) @ 0x000000000394a13f [0x000000000394a0c0+0x7f]
J 1605 C1 sun.reflect.NativeMethodAccessorImpl.invoke(Ljava/lang/Object;[Ljava/lang/Object;)Ljava/lang/Object; (104 bytes) @ 0x000000000394c4a4 [0x000000000394b300+0x11a4]
J 6581 C2 java.lang.reflect.Method.invoke(Ljava/lang/Object;[Ljava/lang/Object;)Ljava/lang/Object; (62 bytes) @ 0x0000000003957ab4 [0x0000000003957a00+0xb4]
J 4575 C1 org.codehaus.groovy.reflection.CachedMethod.invoke(Ljava/lang/Object;[Ljava/lang/Object;)Ljava/lang/Object; (80 bytes) @ 0x0000000003c2c98c [0x0000000003c2c620+0x36c]
j  groovy.lang.MetaMethod.doMethodInvoke(Ljava/lang/Object;[Ljava/lang/Object;)Ljava/lang/Object;+9
j  org.codehaus.groovy.runtime.metaclass.ClosureMetaClass.invokeMethod(Ljava/lang/Class;Ljava/lang/Object;Ljava/lang/String;[Ljava/lang/Object;ZZ)Ljava/lang/Object;+225
J 4615 C1 groovy.lang.MetaClassImpl.invokeMethod(Ljava/lang/Object;Ljava/lang/String;[Ljava/lang/Object;)Ljava/lang/Object; (14 bytes) @ 0x000000000419c4ac [0x000000000419c380+0x12c]
J 4617 C1 groovy.lang.Closure.call([Ljava/lang/Object;)Ljava/lang/Object; (30 bytes) @ 0x000000000419ca14 [0x000000000419c860+0x1b4]
j  groovy.lang.Closure.call(Ljava/lang/Object;)Ljava/lang/Object;+9
j  org.gradle.util.ClosureBackedAction.execute(Ljava/lang/Object;)V+80
j  org.gradle.util.ConfigureUtil.configureTarget(Lgroovy/lang/Closure;Ljava/lang/Object;Lorg/gradle/internal/metaobject/ConfigureDelegate;)V+44
j  org.gradle.util.ConfigureUtil.configure(Lgroovy/lang/Closure;Ljava/lang/Object;)Ljava/lang/Object;+38
j  org.gradle.util.ConfigureUtil$WrappedConfigureAction.execute(Ljava/lang/Object;)V+5
j  org.gradle.api.internal.DefaultMutationGuard$2.execute(Ljava/lang/Object;)V+30
j  org.gradle.internal.Actions.with(Ljava/lang/Object;Lorg/gradle/api/Action;)Ljava/lang/Object;+2
j  org.gradle.api.internal.project.BuildOperationCrossProjectConfigurator$2$1.run(Lorg/gradle/internal/operations/BuildOperationContext;)V+29
J 4205 C1 org.gradle.internal.operations.DefaultBuildOperationExecutor$RunnableBuildOperationWorker.execute(Lorg/gradle/internal/operations/BuildOperation;Lorg/gradle/internal/operations/BuildOperationContext;)V (10 bytes) @ 0x0000000004074424 [0x00000000040741c0+0x264]
J 4462 C1 org.gradle.internal.operations.DefaultBuildOperationExecutor$1.execute(Lorg/gradle/internal/operations/BuildOperationDescriptor;Lorg/gradle/internal/operations/DefaultBuildOperationExecutor$DefaultBuildOperationContext;Lorg/gradle/internal/operations/DefaultBuildOperationExecutor$BuildOperationExecutionListener;)Lorg/gradle/internal/operations/BuildOperation; (82 bytes) @ 0x000000000412e1b4 [0x000000000412e040+0x174]
J 4203 C1 org.gradle.internal.operations.DefaultBuildOperationExecutor.execute(Lorg/gradle/internal/operations/BuildOperationDescriptor$Builder;Lorg/gradle/internal/operations/DefaultBuildOperationExecutor$BuildOperationState;Lorg/gradle/internal/operations/DefaultBuildOperationExecutor$BuildOperationExecution;)Lorg/gradle/internal/operations/BuildOperation; (111 bytes) @ 0x00000000040758ac [0x0000000004074940+0xf6c]
J 4681 C1 org.gradle.internal.operations.DefaultBuildOperationExecutor.run(Lorg/gradle/internal/operations/RunnableBuildOperation;)V (28 bytes) @ 0x00000000041cdf7c [0x00000000041cd980+0x5fc]
j  org.gradle.internal.operations.DelegatingBuildOperationExecutor.run(Lorg/gradle/internal/operations/RunnableBuildOperation;)V+5
j  org.gradle.api.internal.project.BuildOperationCrossProjectConfigurator$2.run()V+19
j  org.gradle.internal.Factories$1.create()Ljava/lang/Object;+4
j  org.gradle.api.internal.project.DefaultProjectStateRegistry$ProjectStateImpl.withMutableState(Lorg/gradle/internal/Factory;)Ljava/lang/Object;+59
j  org.gradle.api.internal.project.DefaultProjectStateRegistry$ProjectStateImpl.withMutableState(Ljava/lang/Runnable;)V+5
j  org.gradle.api.internal.project.BuildOperationCrossProjectConfigurator.runProjectConfigureAction(Lorg/gradle/api/Project;Lorg/gradle/api/Action;)V+19
j  org.gradle.api.internal.project.BuildOperationCrossProjectConfigurator.access$400(Lorg/gradle/api/internal/project/BuildOperationCrossProjectConfigurator;Lorg/gradle/api/Project;Lorg/gradle/api/Action;)V+3
j  org.gradle.api.internal.project.BuildOperationCrossProjectConfigurator$1.doRunProjectConfigure(Lorg/gradle/api/Project;)V+9
j  org.gradle.api.internal.project.BuildOperationCrossProjectConfigurator$BlockConfigureBuildOperation.run(Lorg/gradle/internal/operations/BuildOperationContext;)V+31
J 4205 C1 org.gradle.internal.operations.DefaultBuildOperationExecutor$RunnableBuildOperationWorker.execute(Lorg/gradle/internal/operations/BuildOperation;Lorg/gradle/internal/operations/BuildOperationContext;)V (10 bytes) @ 0x0000000004074424 [0x00000000040741c0+0x264]
J 4462 C1 org.gradle.internal.operations.DefaultBuildOperationExecutor$1.execute(Lorg/gradle/internal/operations/BuildOperationDescriptor;Lorg/gradle/internal/operations/DefaultBuildOperationExecutor$DefaultBuildOperationContext;Lorg/gradle/internal/operations/DefaultBuildOperationExecutor$BuildOperationExecutionListener;)Lorg/gradle/internal/operations/BuildOperation; (82 bytes) @ 0x000000000412e1b4 [0x000000000412e040+0x174]
J 4203 C1 org.gradle.internal.operations.DefaultBuildOperationExecutor.execute(Lorg/gradle/internal/operations/BuildOperationDescriptor$Builder;Lorg/gradle/internal/operations/DefaultBuildOperationExecutor$BuildOperationState;Lorg/gradle/internal/operations/DefaultBuildOperationExecutor$BuildOperationExecution;)Lorg/gradle/internal/operations/BuildOperation; (111 bytes) @ 0x00000000040758ac [0x0000000004074940+0xf6c]
J 4681 C1 org.gradle.internal.operations.DefaultBuildOperationExecutor.run(Lorg/gradle/internal/operations/RunnableBuildOperation;)V (28 bytes) @ 0x00000000041cdf7c [0x00000000041cd980+0x5fc]
j  org.gradle.internal.operations.DelegatingBuildOperationExecutor.run(Lorg/gradle/internal/operations/RunnableBuildOperation;)V+5
j  org.gradle.api.internal.project.BuildOperationCrossProjectConfigurator.runBlockConfigureAction(Lorg/gradle/internal/operations/BuildOperationDescriptor$Builder;Ljava/lang/Iterable;Lorg/gradle/api/Action;)V+15
j  org.gradle.api.internal.project.BuildOperationCrossProjectConfigurator.allprojects(Ljava/lang/Iterable;Lorg/gradle/api/Action;)V+6
j  org.gradle.api.internal.project.DefaultProject.allprojects(Lgroovy/lang/Closure;)V+12
v  ~StubRoutines::call_stub
J 1606  sun.reflect.NativeMethodAccessorImpl.invoke0(Ljava/lang/reflect/Method;Ljava/lang/Object;[Ljava/lang/Object;)Ljava/lang/Object; (0 bytes) @ 0x000000000394a13f [0x000000000394a0c0+0x7f]
J 1605 C1 sun.reflect.NativeMethodAccessorImpl.invoke(Ljava/lang/Object;[Ljava/lang/Object;)Ljava/lang/Object; (104 bytes) @ 0x000000000394c4a4 [0x000000000394b300+0x11a4]
J 6581 C2 java.lang.reflect.Method.invoke(Ljava/lang/Object;[Ljava/lang/Object;)Ljava/lang/Object; (62 bytes) @ 0x0000000003957ab4 [0x0000000003957a00+0xb4]
J 4575 C1 org.codehaus.groovy.reflection.CachedMethod.invoke(Ljava/lang/Object;[Ljava/lang/Object;)Ljava/lang/Object; (80 bytes) @ 0x0000000003c2c98c [0x0000000003c2c620+0x36c]
j  groovy.lang.MetaMethod.doMethodInvoke(Ljava/lang/Object;[Ljava/lang/Object;)Ljava/lang/Object;+9
j  org.gradle.internal.metaobject.BeanDynamicObject$MetaClassAdapter.invokeMethod(Ljava/lang/String;[Ljava/lang/Object;)Lorg/gradle/internal/metaobject/DynamicInvokeResult;+36
j  org.gradle.internal.metaobject.BeanDynamicObject.tryInvokeMethod(Ljava/lang/String;[Ljava/lang/Object;)Lorg/gradle/internal/metaobject/DynamicInvokeResult;+6
j  org.gradle.internal.metaobject.CompositeDynamicObject.tryInvokeMethod(Ljava/lang/String;[Ljava/lang/Object;)Lorg/gradle/internal/metaobject/DynamicInvokeResult;+29
j  org.gradle.internal.extensibility.MixInClosurePropertiesAsMethodsDynamicObject.tryInvokeMethod(Ljava/lang/String;[Ljava/lang/Object;)Lorg/gradle/internal/metaobject/DynamicInvokeResult;+3
j  org.gradle.groovy.scripts.BasicScript$ScriptDynamicObject.tryInvokeMethod(Ljava/lang/String;[Ljava/lang/Object;)Lorg/gradle/internal/metaobject/DynamicInvokeResult;+27
j  org.gradle.internal.metaobject.AbstractDynamicObject.invokeMethod(Ljava/lang/String;[Ljava/lang/Object;)Ljava/lang/Object;+3
j  org.gradle.groovy.scripts.BasicScript.invokeMethod(Ljava/lang/String;Ljava/lang/Object;)Ljava/lang/Object;+9
j  org.codehaus.groovy.runtime.callsite.PogoMetaClassSite.callCurrent(Lgroovy/lang/GroovyObject;[Ljava/lang/Object;)Ljava/lang/Object;+80
j  org.codehaus.groovy.runtime.callsite.AbstractCallSite.callCurrent(Lgroovy/lang/GroovyObject;Ljava/lang/Object;)Ljava/lang/Object;+33
j  build_bqg9xmnzmkss3frc6eeplc78s.run()Ljava/lang/Object;+18
j  org.gradle.groovy.scripts.internal.DefaultScriptRunnerFactory$ScriptRunnerImpl.run(Ljava/lang/Object;Lorg/gradle/internal/service/ServiceRegistry;)V+57
j  org.gradle.configuration.DefaultScriptPluginFactory$ScriptPluginImpl$2.run()V+12
j  org.gradle.configuration.ProjectScriptTarget.addConfiguration(Ljava/lang/Runnable;Z)V+18
j  org.gradle.configuration.DefaultScriptPluginFactory$ScriptPluginImpl.apply(Ljava/lang/Object;)V+649
j  org.gradle.configuration.BuildOperationScriptPlugin$1$1.run(Lorg/gradle/internal/operations/BuildOperationContext;)V+17
J 4205 C1 org.gradle.internal.operations.DefaultBuildOperationExecutor$RunnableBuildOperationWorker.execute(Lorg/gradle/internal/operations/BuildOperation;Lorg/gradle/internal/operations/BuildOperationContext;)V (10 bytes) @ 0x0000000004074424 [0x00000000040741c0+0x264]
J 4462 C1 org.gradle.internal.operations.DefaultBuildOperationExecutor$1.execute(Lorg/gradle/internal/operations/BuildOperationDescriptor;Lorg/gradle/internal/operations/DefaultBuildOperationExecutor$DefaultBuildOperationContext;Lorg/gradle/internal/operations/DefaultBuildOperationExecutor$BuildOperationExecutionListener;)Lorg/gradle/internal/operations/BuildOperation; (82 bytes) @ 0x000000000412e1b4 [0x000000000412e040+0x174]
J 4203 C1 org.gradle.internal.operations.DefaultBuildOperationExecutor.execute(Lorg/gradle/internal/operations/BuildOperationDescriptor$Builder;Lorg/gradle/internal/operations/DefaultBuildOperationExecutor$BuildOperationState;Lorg/gradle/internal/operations/DefaultBuildOperationExecutor$BuildOperationExecution;)Lorg/gradle/internal/operations/BuildOperation; (111 bytes) @ 0x00000000040758ac [0x0000000004074940+0xf6c]
J 4681 C1 org.gradle.internal.operations.DefaultBuildOperationExecutor.run(Lorg/gradle/internal/operations/RunnableBuildOperation;)V (28 bytes) @ 0x00000000041cdf7c [0x00000000041cd980+0x5fc]
j  org.gradle.internal.operations.DelegatingBuildOperationExecutor.run(Lorg/gradle/internal/operations/RunnableBuildOperation;)V+5
j  org.gradle.configuration.BuildOperationScriptPlugin$1.execute(Lorg/gradle/configuration/internal/UserCodeApplicationId;)V+16
j  org.gradle.configuration.BuildOperationScriptPlugin$1.execute(Ljava/lang/Object;)V+5
j  org.gradle.configuration.internal.DefaultUserCodeApplicationContext.apply(Lorg/gradle/api/Action;)V+19
j  org.gradle.configuration.BuildOperationScriptPlugin.apply(Ljava/lang/Object;)V+54
j  org.gradle.configuration.project.BuildScriptProcessor$1.run()V+8
j  org.gradle.internal.Factories$1.create()Ljava/lang/Object;+4
j  org.gradle.api.internal.project.DefaultProjectStateRegistry$ProjectStateImpl.withMutableState(Lorg/gradle/internal/Factory;)Ljava/lang/Object;+59
j  org.gradle.api.internal.project.DefaultProjectStateRegistry$ProjectStateImpl.withMutableState(Ljava/lang/Runnable;)V+5
j  org.gradle.configuration.project.BuildScriptProcessor.execute(Lorg/gradle/api/internal/project/ProjectInternal;)V+88
j  org.gradle.configuration.project.BuildScriptProcessor.execute(Ljava/lang/Object;)V+5
j  org.gradle.configuration.project.ConfigureActionsProjectEvaluator.evaluate(Lorg/gradle/api/internal/project/ProjectInternal;Lorg/gradle/api/internal/project/ProjectStateInternal;)V+33
j  org.gradle.configuration.project.LifecycleProjectEvaluator$EvaluateProject$1.run()V+94
j  org.gradle.internal.Factories$1.create()Ljava/lang/Object;+4
j  org.gradle.internal.work.DefaultWorkerLeaseService.withLocks(Ljava/lang/Iterable;Lorg/gradle/internal/Factory;)Ljava/lang/Object;+26
j  org.gradle.internal.work.StopShieldingWorkerLeaseService.withLocks(Ljava/lang/Iterable;Lorg/gradle/internal/Factory;)Ljava/lang/Object;+6
j  org.gradle.api.internal.project.DefaultProjectStateRegistry$ProjectStateImpl.withProjectLock(Lorg/gradle/internal/resources/ResourceLock;Lorg/gradle/internal/Factory;)Ljava/lang/Object;+12
j  org.gradle.api.internal.project.DefaultProjectStateRegistry$ProjectStateImpl.withMutableState(Lorg/gradle/internal/Factory;)Ljava/lang/Object;+134
j  org.gradle.api.internal.project.DefaultProjectStateRegistry$ProjectStateImpl.withMutableState(Ljava/lang/Runnable;)V+5
j  org.gradle.configuration.project.LifecycleProjectEvaluator$EvaluateProject.run(Lorg/gradle/internal/operations/BuildOperationContext;)V+18
J 4205 C1 org.gradle.internal.operations.DefaultBuildOperationExecutor$RunnableBuildOperationWorker.execute(Lorg/gradle/internal/operations/BuildOperation;Lorg/gradle/internal/operations/BuildOperationContext;)V (10 bytes) @ 0x0000000004074424 [0x00000000040741c0+0x264]
J 4462 C1 org.gradle.internal.operations.DefaultBuildOperationExecutor$1.execute(Lorg/gradle/internal/operations/BuildOperationDescriptor;Lorg/gradle/internal/operations/DefaultBuildOperationExecutor$DefaultBuildOperationContext;Lorg/gradle/internal/operations/DefaultBuildOperationExecutor$BuildOperationExecutionListener;)Lorg/gradle/internal/operations/BuildOperation; (82 bytes) @ 0x000000000412e1b4 [0x000000000412e040+0x174]
J 4203 C1 org.gradle.internal.operations.DefaultBuildOperationExecutor.execute(Lorg/gradle/internal/operations/BuildOperationDescriptor$Builder;Lorg/gradle/internal/operations/DefaultBuildOperationExecutor$BuildOperationState;Lorg/gradle/internal/operations/DefaultBuildOperationExecutor$BuildOperationExecution;)Lorg/gradle/internal/operations/BuildOperation; (111 bytes) @ 0x00000000040758ac [0x0000000004074940+0xf6c]
J 4681 C1 org.gradle.internal.operations.DefaultBuildOperationExecutor.run(Lorg/gradle/internal/operations/RunnableBuildOperation;)V (28 bytes) @ 0x00000000041cdf7c [0x00000000041cd980+0x5fc]
j  org.gradle.internal.operations.DelegatingBuildOperationExecutor.run(Lorg/gradle/internal/operations/RunnableBuildOperation;)V+5
j  org.gradle.configuration.project.LifecycleProjectEvaluator.evaluate(Lorg/gradle/api/internal/project/ProjectInternal;Lorg/gradle/api/internal/project/ProjectStateInternal;)V+22
j  org.gradle.api.internal.project.DefaultProject.evaluate()Lorg/gradle/api/internal/project/DefaultProject;+9
j  org.gradle.api.internal.project.DefaultProject.evaluate()Lorg/gradle/api/Project;+1
j  org.gradle.execution.TaskPathProjectEvaluator.configure(Lorg/gradle/api/internal/project/ProjectInternal;)V+21
j  org.gradle.execution.TaskPathProjectEvaluator.configureHierarchy(Lorg/gradle/api/internal/project/ProjectInternal;)V+2
j  org.gradle.configuration.DefaultBuildConfigurer.configure(Lorg/gradle/api/internal/GradleInternal;)V+63
j  org.gradle.initialization.DefaultGradleLauncher$ConfigureBuild.run(Lorg/gradle/internal/operations/BuildOperationContext;)V+40
J 4205 C1 org.gradle.internal.operations.DefaultBuildOperationExecutor$RunnableBuildOperationWorker.execute(Lorg/gradle/internal/operations/BuildOperation;Lorg/gradle/internal/operations/BuildOperationContext;)V (10 bytes) @ 0x0000000004074424 [0x00000000040741c0+0x264]
J 4462 C1 org.gradle.internal.operations.DefaultBuildOperationExecutor$1.execute(Lorg/gradle/internal/operations/BuildOperationDescriptor;Lorg/gradle/internal/operations/DefaultBuildOperationExecutor$DefaultBuildOperationContext;Lorg/gradle/internal/operations/DefaultBuildOperationExecutor$BuildOperationExecutionListener;)Lorg/gradle/internal/operations/BuildOperation; (82 bytes) @ 0x000000000412e1b4 [0x000000000412e040+0x174]
J 4203 C1 org.gradle.internal.operations.DefaultBuildOperationExecutor.execute(Lorg/gradle/internal/operations/BuildOperationDescriptor$Builder;Lorg/gradle/internal/operations/DefaultBuildOperationExecutor$BuildOperationState;Lorg/gradle/internal/operations/DefaultBuildOperationExecutor$BuildOperationExecution;)Lorg/gradle/internal/operations/BuildOperation; (111 bytes) @ 0x00000000040758ac [0x0000000004074940+0xf6c]
J 4681 C1 org.gradle.internal.operations.DefaultBuildOperationExecutor.run(Lorg/gradle/internal/operations/RunnableBuildOperation;)V (28 bytes) @ 0x00000000041cdf7c [0x00000000041cd980+0x5fc]
j  org.gradle.internal.operations.DelegatingBuildOperationExecutor.run(Lorg/gradle/internal/operations/RunnableBuildOperation;)V+5
j  org.gradle.initialization.DefaultGradleLauncher.configureBuild()V+23
j  org.gradle.initialization.DefaultGradleLauncher.doBuildStages(Lorg/gradle/initialization/DefaultGradleLauncher$Stage;)V+13
j  org.gradle.initialization.DefaultGradleLauncher.executeTasks()Lorg/gradle/api/internal/GradleInternal;+4
j  org.gradle.internal.invocation.GradleBuildController$1.execute(Lorg/gradle/initialization/GradleLauncher;)V+1
j  org.gradle.internal.invocation.GradleBuildController$1.execute(Ljava/lang/Object;)V+5
j  org.gradle.internal.invocation.GradleBuildController$3.create()Lorg/gradle/api/internal/GradleInternal;+31
j  org.gradle.internal.invocation.GradleBuildController$3.create()Ljava/lang/Object;+1
j  org.gradle.internal.work.DefaultWorkerLeaseService.withLocks(Ljava/lang/Iterable;Lorg/gradle/internal/Factory;)Ljava/lang/Object;+26
j  org.gradle.internal.work.StopShieldingWorkerLeaseService.withLocks(Ljava/lang/Iterable;Lorg/gradle/internal/Factory;)Ljava/lang/Object;+6
j  org.gradle.internal.invocation.GradleBuildController.doBuild(Lorg/gradle/api/internal/GradleInternal$BuildType;Lorg/gradle/api/Action;)Lorg/gradle/api/internal/GradleInternal;+26
j  org.gradle.internal.invocation.GradleBuildController.run()Lorg/gradle/api/internal/GradleInternal;+12
j  org.gradle.tooling.internal.provider.runner.BuildModelActionRunner.run(Lorg/gradle/internal/invocation/BuildAction;Lorg/gradle/internal/invocation/BuildController;)Lorg/gradle/internal/invocation/BuildActionRunner$Result;+78
j  org.gradle.launcher.exec.ChainingBuildActionRunner.run(Lorg/gradle/internal/invocation/BuildAction;Lorg/gradle/internal/invocation/BuildController;)Lorg/gradle/internal/invocation/BuildActionRunner$Result;+34
j  org.gradle.launcher.exec.ChainingBuildActionRunner.run(Lorg/gradle/internal/invocation/BuildAction;Lorg/gradle/internal/invocation/BuildController;)Lorg/gradle/internal/invocation/BuildActionRunner$Result;+34
j  org.gradle.launcher.exec.BuildOutcomeReportingBuildActionRunner.run(Lorg/gradle/internal/invocation/BuildAction;Lorg/gradle/internal/invocation/BuildController;)Lorg/gradle/internal/invocation/BuildActionRunner$Result;+143
j  org.gradle.tooling.internal.provider.ValidatingBuildActionRunner.run(Lorg/gradle/internal/invocation/BuildAction;Lorg/gradle/internal/invocation/BuildController;)Lorg/gradle/internal/invocation/BuildActionRunner$Result;+6
j  org.gradle.launcher.exec.BuildCompletionNotifyingBuildActionRunner.run(Lorg/gradle/internal/invocation/BuildAction;Lorg/gradle/internal/invocation/BuildController;)Lorg/gradle/internal/invocation/BuildActionRunner$Result;+28
j  org.gradle.launcher.exec.RunAsBuildOperationBuildActionRunner$3.call(Lorg/gradle/internal/operations/BuildOperationContext;)Lorg/gradle/internal/invocation/BuildActionRunner$Result;+95
j  org.gradle.launcher.exec.RunAsBuildOperationBuildActionRunner$3.call(Lorg/gradle/internal/operations/BuildOperationContext;)Ljava/lang/Object;+2
j  org.gradle.internal.operations.DefaultBuildOperationExecutor$CallableBuildOperationWorker.execute(Lorg/gradle/internal/operations/CallableBuildOperation;Lorg/gradle/internal/operations/BuildOperationContext;)V+3
j  org.gradle.internal.operations.DefaultBuildOperationExecutor$CallableBuildOperationWorker.execute(Lorg/gradle/internal/operations/BuildOperation;Lorg/gradle/internal/operations/BuildOperationContext;)V+6
J 4462 C1 org.gradle.internal.operations.DefaultBuildOperationExecutor$1.execute(Lorg/gradle/internal/operations/BuildOperationDescriptor;Lorg/gradle/internal/operations/DefaultBuildOperationExecutor$DefaultBuildOperationContext;Lorg/gradle/internal/operations/DefaultBuildOperationExecutor$BuildOperationExecutionListener;)Lorg/gradle/internal/operations/BuildOperation; (82 bytes) @ 0x000000000412e1b4 [0x000000000412e040+0x174]
J 4203 C1 org.gradle.internal.operations.DefaultBuildOperationExecutor.execute(Lorg/gradle/internal/operations/BuildOperationDescriptor$Builder;Lorg/gradle/internal/operations/DefaultBuildOperationExecutor$BuildOperationState;Lorg/gradle/internal/operations/DefaultBuildOperationExecutor$BuildOperationExecution;)Lorg/gradle/internal/operations/BuildOperation; (111 bytes) @ 0x00000000040758ac [0x0000000004074940+0xf6c]
J 4068 C1 org.gradle.internal.operations.DefaultBuildOperationExecutor.execute(Lorg/gradle/internal/operations/BuildOperation;Lorg/gradle/internal/operations/BuildOperationWorker;Lorg/gradle/internal/operations/DefaultBuildOperationExecutor$BuildOperationState;)V (27 bytes) @ 0x0000000003ffcfd4 [0x0000000003ffcd60+0x274]
j  org.gradle.internal.operations.DefaultBuildOperationExecutor.call(Lorg/gradle/internal/operations/CallableBuildOperation;)Ljava/lang/Object;+16
j  org.gradle.internal.operations.DelegatingBuildOperationExecutor.call(Lorg/gradle/internal/operations/CallableBuildOperation;)Ljava/lang/Object;+5
j  org.gradle.launcher.exec.RunAsBuildOperationBuildActionRunner.run(Lorg/gradle/internal/invocation/BuildAction;Lorg/gradle/internal/invocation/BuildController;)Lorg/gradle/internal/invocation/BuildActionRunner$Result;+33
j  org.gradle.launcher.exec.InProcessBuildActionExecuter$1.transform(Lorg/gradle/internal/invocation/BuildController;)Lorg/gradle/launcher/exec/BuildActionResult;+12
j  org.gradle.launcher.exec.InProcessBuildActionExecuter$1.transform(Ljava/lang/Object;)Ljava/lang/Object;+5
j  org.gradle.composite.internal.DefaultRootBuildState.run(Lorg/gradle/api/Transformer;)Ljava/lang/Object;+35
j  org.gradle.launcher.exec.InProcessBuildActionExecuter.execute(Lorg/gradle/internal/invocation/BuildAction;Lorg/gradle/initialization/BuildRequestContext;Lorg/gradle/launcher/exec/BuildActionParameters;Lorg/gradle/internal/service/ServiceRegistry;)Lorg/gradle/launcher/exec/BuildActionResult;+82
j  org.gradle.launcher.exec.InProcessBuildActionExecuter.execute(Lorg/gradle/internal/invocation/BuildAction;Lorg/gradle/initialization/BuildRequestContext;Ljava/lang/Object;Lorg/gradle/internal/service/ServiceRegistry;)Lorg/gradle/launcher/exec/BuildActionResult;+9
j  org.gradle.launcher.exec.BuildTreeScopeBuildActionExecuter.execute(Lorg/gradle/internal/invocation/BuildAction;Lorg/gradle/initialization/BuildRequestContext;Lorg/gradle/launcher/exec/BuildActionParameters;Lorg/gradle/internal/service/ServiceRegistry;)Lorg/gradle/launcher/exec/BuildActionResult;+38
j  org.gradle.launcher.exec.BuildTreeScopeBuildActionExecuter.execute(Lorg/gradle/internal/invocation/BuildAction;Lorg/gradle/initialization/BuildRequestContext;Ljava/lang/Object;Lorg/gradle/internal/service/ServiceRegistry;)Lorg/gradle/launcher/exec/BuildActionResult;+9
j  org.gradle.tooling.internal.provider.ContinuousBuildActionExecuter.execute(Lorg/gradle/internal/invocation/BuildAction;Lorg/gradle/initialization/BuildRequestContext;Lorg/gradle/launcher/exec/BuildActionParameters;Lorg/gradle/internal/service/ServiceRegistry;)Lorg/gradle/launcher/exec/BuildActionResult;+58
j  org.gradle.tooling.internal.provider.ContinuousBuildActionExecuter.execute(Lorg/gradle/internal/invocation/BuildAction;Lorg/gradle/initialization/BuildRequestContext;Ljava/lang/Object;Lorg/gradle/internal/service/ServiceRegistry;)Lorg/gradle/launcher/exec/BuildActionResult;+9
j  org.gradle.tooling.internal.provider.SubscribableBuildActionExecuter.execute(Lorg/gradle/internal/invocation/BuildAction;Lorg/gradle/initialization/BuildRequestContext;Lorg/gradle/launcher/exec/BuildActionParameters;Lorg/gradle/internal/service/ServiceRegistry;)Lorg/gradle/launcher/exec/BuildActionResult;+45
j  org.gradle.tooling.internal.provider.SubscribableBuildActionExecuter.execute(Lorg/gradle/internal/invocation/BuildAction;Lorg/gradle/initialization/BuildRequestContext;Ljava/lang/Object;Lorg/gradle/internal/service/ServiceRegistry;)Lorg/gradle/launcher/exec/BuildActionResult;+9
j  org.gradle.tooling.internal.provider.SessionScopeBuildActionExecuter.execute(Lorg/gradle/internal/invocation/BuildAction;Lorg/gradle/initialization/BuildRequestContext;Lorg/gradle/launcher/exec/BuildActionParameters;Lorg/gradle/internal/service/ServiceRegistry;)Lorg/gradle/launcher/exec/BuildActionResult;+117
j  org.gradle.tooling.internal.provider.SessionScopeBuildActionExecuter.execute(Lorg/gradle/internal/invocation/BuildAction;Lorg/gradle/initialization/BuildRequestContext;Ljava/lang/Object;Lorg/gradle/internal/service/ServiceRegistry;)Lorg/gradle/launcher/exec/BuildActionResult;+9
j  org.gradle.tooling.internal.provider.GradleThreadBuildActionExecuter.execute(Lorg/gradle/internal/invocation/BuildAction;Lorg/gradle/initialization/BuildRequestContext;Lorg/gradle/launcher/exec/BuildActionParameters;Lorg/gradle/internal/service/ServiceRegistry;)Lorg/gradle/launcher/exec/BuildActionResult;+12
j  org.gradle.tooling.internal.provider.GradleThreadBuildActionExecuter.execute(Lorg/gradle/internal/invocation/BuildAction;Lorg/gradle/initialization/BuildRequestContext;Ljava/lang/Object;Lorg/gradle/internal/service/ServiceRegistry;)Lorg/gradle/launcher/exec/BuildActionResult;+9
j  org.gradle.tooling.internal.provider.ParallelismConfigurationBuildActionExecuter.execute(Lorg/gradle/internal/invocation/BuildAction;Lorg/gradle/initialization/BuildRequestContext;Lorg/gradle/launcher/exec/BuildActionParameters;Lorg/gradle/internal/service/ServiceRegistry;)Lorg/gradle/launcher/exec/BuildActionResult;+43
j  org.gradle.tooling.internal.provider.ParallelismConfigurationBuildActionExecuter.execute(Lorg/gradle/internal/invocation/BuildAction;Lorg/gradle/initialization/BuildRequestContext;Ljava/lang/Object;Lorg/gradle/internal/service/ServiceRegistry;)Lorg/gradle/launcher/exec/BuildActionResult;+9
j  org.gradle.tooling.internal.provider.StartParamsValidatingActionExecuter.execute(Lorg/gradle/internal/invocation/BuildAction;Lorg/gradle/initialization/BuildRequestContext;Lorg/gradle/launcher/exec/BuildActionParameters;Lorg/gradle/internal/service/ServiceRegistry;)Lorg/gradle/launcher/exec/BuildActionResult;+177
j  org.gradle.tooling.internal.provider.StartParamsValidatingActionExecuter.execute(Lorg/gradle/internal/invocation/BuildAction;Lorg/gradle/initialization/BuildRequestContext;Ljava/lang/Object;Lorg/gradle/internal/service/ServiceRegistry;)Lorg/gradle/launcher/exec/BuildActionResult;+9
j  org.gradle.tooling.internal.provider.SessionFailureReportingActionExecuter.execute(Lorg/gradle/internal/invocation/BuildAction;Lorg/gradle/initialization/BuildRequestContext;Lorg/gradle/launcher/exec/BuildActionParameters;Lorg/gradle/internal/service/ServiceRegistry;)Lorg/gradle/launcher/exec/BuildActionResult;+9
j  org.gradle.tooling.internal.provider.SessionFailureReportingActionExecuter.execute(Lorg/gradle/internal/invocation/BuildAction;Lorg/gradle/initialization/BuildRequestContext;Ljava/lang/Object;Lorg/gradle/internal/service/ServiceRegistry;)Lorg/gradle/launcher/exec/BuildActionResult;+9
j  org.gradle.tooling.internal.provider.SetupLoggingActionExecuter.execute(Lorg/gradle/internal/invocation/BuildAction;Lorg/gradle/initialization/BuildRequestContext;Lorg/gradle/launcher/exec/BuildActionParameters;Lorg/gradle/internal/service/ServiceRegistry;)Lorg/gradle/launcher/exec/BuildActionResult;+52
j  org.gradle.tooling.internal.provider.SetupLoggingActionExecuter.execute(Lorg/gradle/internal/invocation/BuildAction;Lorg/gradle/initialization/BuildRequestContext;Ljava/lang/Object;Lorg/gradle/internal/service/ServiceRegistry;)Lorg/gradle/launcher/exec/BuildActionResult;+9
j  org.gradle.launcher.daemon.server.exec.ExecuteBuild.doBuild(Lorg/gradle/launcher/daemon/server/api/DaemonCommandExecution;Lorg/gradle/launcher/daemon/protocol/Build;)V+118
j  org.gradle.launcher.daemon.server.exec.BuildCommandOnly.execute(Lorg/gradle/launcher/daemon/server/api/DaemonCommandExecution;)V+49
j  org.gradle.launcher.daemon.server.api.DaemonCommandExecution.proceed()Z+28
j  org.gradle.launcher.daemon.server.exec.WatchForDisconnection.execute(Lorg/gradle/launcher/daemon/server/api/DaemonCommandExecution;)V+19
j  org.gradle.launcher.daemon.server.api.DaemonCommandExecution.proceed()Z+28
j  org.gradle.launcher.daemon.server.exec.ResetDeprecationLogger.execute(Lorg/gradle/launcher/daemon/server/api/DaemonCommandExecution;)V+4
j  org.gradle.launcher.daemon.server.api.DaemonCommandExecution.proceed()Z+28
j  org.gradle.launcher.daemon.server.exec.RequestStopIfSingleUsedDaemon.execute(Lorg/gradle/launcher/daemon/server/api/DaemonCommandExecution;)V+33
j  org.gradle.launcher.daemon.server.api.DaemonCommandExecution.proceed()Z+28
j  org.gradle.launcher.daemon.server.exec.ForwardClientInput$2.call()Ljava/lang/Void;+4
j  org.gradle.launcher.daemon.server.exec.ForwardClientInput$2.call()Ljava/lang/Object;+1
j  org.gradle.util.Swapper.swap(Ljava/lang/Object;Ljava/util/concurrent/Callable;)Ljava/lang/Object;+21
j  org.gradle.launcher.daemon.server.exec.ForwardClientInput.execute(Lorg/gradle/launcher/daemon/server/api/DaemonCommandExecution;)V+63
j  org.gradle.launcher.daemon.server.api.DaemonCommandExecution.proceed()Z+28
j  org.gradle.launcher.daemon.server.exec.LogAndCheckHealth.execute(Lorg/gradle/launcher/daemon/server/api/DaemonCommandExecution;)V+28
j  org.gradle.launcher.daemon.server.api.DaemonCommandExecution.proceed()Z+28
j  org.gradle.launcher.daemon.server.exec.LogToClient.doBuild(Lorg/gradle/launcher/daemon/server/api/DaemonCommandExecution;Lorg/gradle/launcher/daemon/protocol/Build;)V+87
j  org.gradle.launcher.daemon.server.exec.BuildCommandOnly.execute(Lorg/gradle/launcher/daemon/server/api/DaemonCommandExecution;)V+49
j  org.gradle.launcher.daemon.server.api.DaemonCommandExecution.proceed()Z+28
j  org.gradle.launcher.daemon.server.exec.EstablishBuildEnvironment.doBuild(Lorg/gradle/launcher/daemon/server/api/DaemonCommandExecution;Lorg/gradle/launcher/daemon/protocol/Build;)V+351
j  org.gradle.launcher.daemon.server.exec.BuildCommandOnly.execute(Lorg/gradle/launcher/daemon/server/api/DaemonCommandExecution;)V+49
j  org.gradle.launcher.daemon.server.api.DaemonCommandExecution.proceed()Z+28
j  org.gradle.launcher.daemon.server.exec.StartBuildOrRespondWithBusy$1.run()V+44
j  org.gradle.launcher.daemon.server.DaemonStateCoordinator$1.run()V+4
J 6650 C1 org.gradle.internal.concurrent.ManagedExecutorImpl$1.run()V (59 bytes) @ 0x00000000046779bc [0x00000000046774a0+0x51c]
j  java.util.concurrent.ThreadPoolExecutor.runWorker(Ljava/util/concurrent/ThreadPoolExecutor$Worker;)V+95
j  java.util.concurrent.ThreadPoolExecutor$Worker.run()V+5
j  org.gradle.internal.concurrent.ThreadFactoryImpl$ManagedThreadRunnable.run()V+7
j  java.lang.Thread.run()V+11
v  ~StubRoutines::call_stub

---------------  P R O C E S S  ---------------

Java Threads: ( => current thread )
  0x000000001d367800 JavaThread "Build operations Thread 12" [_thread_blocked, id=17140, stack(0x0000000025d00000,0x0000000025e00000)]
  0x000000001d364800 JavaThread "Build operations Thread 11" [_thread_blocked, id=17136, stack(0x0000000024e40000,0x0000000024f40000)]
  0x000000001bfc9000 JavaThread "Build operations Thread 10" [_thread_blocked, id=17132, stack(0x0000000024b40000,0x0000000024c40000)]
  0x000000001bfc7800 JavaThread "Build operations Thread 9" [_thread_blocked, id=17128, stack(0x0000000024640000,0x0000000024740000)]
  0x000000001bfc5000 JavaThread "Build operations Thread 8" [_thread_blocked, id=17124, stack(0x0000000024440000,0x0000000024540000)]
  0x000000001d74c800 JavaThread "Build operations Thread 7" [_thread_blocked, id=17120, stack(0x0000000024340000,0x0000000024440000)]
  0x000000001d745000 JavaThread "Build operations Thread 6" [_thread_blocked, id=17116, stack(0x0000000024240000,0x0000000024340000)]
  0x000000001d74c000 JavaThread "Build operations Thread 5" [_thread_blocked, id=17112, stack(0x0000000024140000,0x0000000024240000)]
  0x000000001d74b000 JavaThread "Build operations Thread 4" [_thread_blocked, id=17108, stack(0x0000000024040000,0x0000000024140000)]
  0x000000001d749800 JavaThread "Build operations Thread 3" [_thread_blocked, id=17104, stack(0x0000000023f40000,0x0000000024040000)]
  0x000000001d748800 JavaThread "Build operations Thread 2" [_thread_blocked, id=17100, stack(0x0000000023e40000,0x0000000023f40000)]
  0x000000001d741000 JavaThread "Build operations" [_thread_blocked, id=17096, stack(0x0000000023d40000,0x0000000023e40000)]
  0x000000001d742800 JavaThread "Cache worker for cache directory md-rule (C:\Users\samx\.gradle\caches\5.4.1\md-rule)" [_thread_blocked, id=17092, stack(0x0000000023c40000,0x0000000023d40000)]
  0x000000001d747000 JavaThread "Cache worker for cache directory md-supplier (C:\Users\samx\.gradle\caches\5.4.1\md-supplier)" [_thread_blocked, id=17088, stack(0x0000000023940000,0x0000000023a40000)]
  0x000000001d746800 JavaThread "Cache worker for file hash cache (C:\Users\samx\Desktop\logintest\.gradle\5.4.1\fileHashes)" [_thread_blocked, id=17076, stack(0x0000000023840000,0x0000000023940000)]
  0x000000001d748000 JavaThread "Thread-48" [_thread_blocked, id=17072, stack(0x0000000023230000,0x0000000023330000)]
  0x000000001d743800 JavaThread "Stdin handler" [_thread_blocked, id=17068, stack(0x0000000023130000,0x0000000023230000)]
  0x000000001d742000 JavaThread "Asynchronous log dispatcher for DefaultDaemonConnection: socket connection from /127.0.0.1:58420 to /127.0.0.1:58551" [_thread_blocked, id=17064, stack(0x000000001f690000,0x000000001f790000)]
=>0x000000001d744000 JavaThread "Daemon worker Thread 2" [_thread_in_vm, id=17060, stack(0x000000001d0f0000,0x000000001d1f0000)]
  0x000000001d745800 JavaThread "Cancel handler" [_thread_blocked, id=17056, stack(0x000000001cdf0000,0x000000001cef0000)]
  0x000000001d73f800 JavaThread "Handler for socket connection from /127.0.0.1:58420 to /127.0.0.1:58551" [_thread_in_native, id=17044, stack(0x000000001ccf0000,0x000000001cdf0000)]
  0x000000001d740800 JavaThread "Daemon Thread 2" [_thread_blocked, id=17040, stack(0x00000000015b0000,0x00000000016b0000)]
  0x000000001d74a800 JavaThread "Memory manager" [_thread_blocked, id=13728, stack(0x0000000025540000,0x0000000025640000)]
  0x000000001d73e000 JavaThread "Cache worker for execution history cache (C:\Users\samx\.gradle\caches\5.4.1\executionHistory)" [_thread_blocked, id=12820, stack(0x0000000023340000,0x0000000023440000)]
  0x000000001bfca800 JavaThread "Cache worker for journal cache (C:\Users\samx\.gradle\caches\journal-1)" [_thread_blocked, id=14716, stack(0x000000001e3c0000,0x000000001e4c0000)]
  0x000000001bfc4800 JavaThread "File lock request listener" [_thread_in_native, id=14232, stack(0x000000001e2c0000,0x000000001e3c0000)]
  0x000000001bfbc000 JavaThread "Cache worker for file hash cache (C:\Users\samx\.gradle\caches\5.4.1\fileHashes)" [_thread_blocked, id=4864, stack(0x000000001e1c0000,0x000000001e2c0000)]
  0x000000001bd19000 JavaThread "Daemon periodic checks" [_thread_blocked, id=16372, stack(0x000000001c7f0000,0x000000001c8f0000)]
  0x000000001bd08800 JavaThread "Incoming local TCP Connector on port 58420" [_thread_in_native, id=1256, stack(0x000000001c5b0000,0x000000001c6b0000)]
  0x000000001bb0d800 JavaThread "Daemon health stats" [_thread_blocked, id=14968, stack(0x000000001a6c0000,0x000000001a7c0000)]
  0x0000000018aaf000 JavaThread "Service Thread" daemon [_thread_blocked, id=13152, stack(0x000000001a4c0000,0x000000001a5c0000)]
  0x0000000018a7a000 JavaThread "C1 CompilerThread3" daemon [_thread_in_vm, id=12176, stack(0x000000001a3c0000,0x000000001a4c0000)]
  0x0000000018a79000 JavaThread "C2 CompilerThread2" daemon [_thread_in_native, id=16012, stack(0x000000001a2c0000,0x000000001a3c0000)]
  0x0000000018a74800 JavaThread "C2 CompilerThread1" daemon [_thread_in_native, id=9928, stack(0x000000001a1c0000,0x000000001a2c0000)]
  0x0000000018a6c000 JavaThread "C2 CompilerThread0" daemon [_thread_in_native, id=8052, stack(0x000000001a0c0000,0x000000001a1c0000)]
  0x0000000018a69800 JavaThread "Attach Listener" daemon [_thread_blocked, id=11000, stack(0x0000000019fc0000,0x000000001a0c0000)]
  0x000000001738e800 JavaThread "Signal Dispatcher" daemon [_thread_blocked, id=520, stack(0x0000000019ec0000,0x0000000019fc0000)]
  0x0000000017382000 JavaThread "Finalizer" daemon [_thread_blocked, id=10304, stack(0x0000000019cc0000,0x0000000019dc0000)]
  0x0000000018a63000 JavaThread "Reference Handler" daemon [_thread_blocked, id=11416, stack(0x0000000019bc0000,0x0000000019cc0000)]
  0x00000000030ee000 JavaThread "main" [_thread_blocked, id=4388, stack(0x00000000031c0000,0x00000000032c0000)]

Other Threads:
  0x0000000017375800 VMThread [stack: 0x0000000019ac0000,0x0000000019bc0000] [id=14932]
  0x0000000018adc800 WatcherThread [stack: 0x000000001a5c0000,0x000000001a6c0000] [id=14844]

VM state:not at safepoint (normal execution)

VM Mutex/Monitor currently owned by a thread: None

heap address: 0x00000000a0000000, size: 1536 MB, Compressed Oops mode: 32-bit
Narrow klass base: 0x0000000000000000, Narrow klass shift: 3
Compressed class space size: 1073741824 Address: 0x0000000100000000

Heap:
 PSYoungGen      total 149504K, used 110812K [0x00000000e0000000, 0x00000000ec980000, 0x0000000100000000)
  eden space 132096K, 83% used [0x00000000e0000000,0x00000000e6c37210,0x00000000e8100000)
  from space 17408K, 0% used [0x00000000e8100000,0x00000000e8100000,0x00000000e9200000)
  to   space 20992K, 0% used [0x00000000eb500000,0x00000000eb500000,0x00000000ec980000)
 ParOldGen       total 266752K, used 35975K [0x00000000a0000000, 0x00000000b0480000, 0x00000000e0000000)
  object space 266752K, 13% used [0x00000000a0000000,0x00000000a2321d18,0x00000000b0480000)
 Metaspace       used 62223K, capacity 64204K, committed 64600K, reserved 1105920K
  class space    used 8266K, capacity 8712K, committed 8832K, reserved 1048576K

Card table byte_map: [0x0000000012780000,0x0000000012a90000] byte_map_base: 0x0000000012280000

Marking Bits: (ParMarkBitMap*) 0x000000005bbc9f30
 Begin Bits: [0x0000000013690000, 0x0000000014e90000)
 End Bits:   [0x0000000014e90000, 0x0000000016690000)

Polling page: 0x0000000000fd0000

CodeCache: size=245760Kb used=19266Kb max_used=19266Kb free=226493Kb
 bounds [0x00000000033c0000, 0x00000000046b0000, 0x00000000123c0000]
 total_blobs=6886 nmethods=6096 adapters=703
 compilation: enabled

Compilation events (10 events):
Event: 438.730 Thread 0x0000000018a7a000 nmethod 7000 0x000000000452c0d0 code [0x000000000452c2c0, 0x000000000452c818]
Event: 438.730 Thread 0x0000000018a7a000 7002       3       org.gradle.internal.fingerprint.impl.DefaultCurrentFileCollectionFingerprint$1::visit (21 bytes)
Event: 438.730 Thread 0x0000000018a7a000 nmethod 7002 0x0000000003e3c010 code [0x0000000003e3c1a0, 0x0000000003e3c558]
Event: 438.730 Thread 0x0000000018a7a000 6996       3       org.gradle.internal.snapshot.impl.DefaultFileSystemSnapshotter::snapshotAndCache (31 bytes)
Event: 438.730 Thread 0x0000000018a7a000 nmethod 6996 0x00000000044dd4d0 code [0x00000000044dd680, 0x00000000044dda68]
Event: 438.730 Thread 0x0000000018a7a000 6999       3       org.gradle.internal.nativeintegration.filesystem.services.GenericFileSystem::stat (11 bytes)
Event: 438.731 Thread 0x0000000018a7a000 nmethod 6999 0x00000000044dd050 code [0x00000000044dd1c0, 0x00000000044dd3e8]
Event: 438.731 Thread 0x0000000018a7a000 7001       3       org.gradle.launcher.daemon.protocol.Message::<init> (5 bytes)
Event: 438.731 Thread 0x0000000018a7a000 nmethod 7001 0x00000000044dcc90 code [0x00000000044dcde0, 0x00000000044dcf90]
Event: 438.731 Thread 0x0000000018a7a000 7003       3       org.codehaus.groovy.runtime.metaclass.MetaClassRegistryImpl::getMetaClass (8 bytes)

GC Heap History (10 events):
Event: 4.774 GC heap before
{Heap before GC invocations=8 (full 2):
 PSYoungGen      total 112128K, used 11395K [0x00000000e0000000, 0x00000000e7d00000, 0x0000000100000000)
  eden space 99840K, 0% used [0x00000000e0000000,0x00000000e0000000,0x00000000e6180000)
  from space 12288K, 92% used [0x00000000e6e80000,0x00000000e79a0d48,0x00000000e7a80000)
  to   space 13312K, 0% used [0x00000000e6180000,0x00000000e6180000,0x00000000e6e80000)
 ParOldGen       total 108544K, used 11164K [0x00000000a0000000, 0x00000000a6a00000, 0x00000000e0000000)
  object space 108544K, 10% used [0x00000000a0000000,0x00000000a0ae7088,0x00000000a6a00000)
 Metaspace       used 34580K, capacity 35330K, committed 35416K, reserved 1079296K
  class space    used 4760K, capacity 4960K, committed 4992K, reserved 1048576K
Event: 4.834 GC heap after
Heap after GC invocations=8 (full 2):
 PSYoungGen      total 112128K, used 0K [0x00000000e0000000, 0x00000000e7d00000, 0x0000000100000000)
  eden space 99840K, 0% used [0x00000000e0000000,0x00000000e0000000,0x00000000e6180000)
  from space 12288K, 0% used [0x00000000e6e80000,0x00000000e6e80000,0x00000000e7a80000)
  to   space 13312K, 0% used [0x00000000e6180000,0x00000000e6180000,0x00000000e6e80000)
 ParOldGen       total 178176K, used 17917K [0x00000000a0000000, 0x00000000aae00000, 0x00000000e0000000)
  object space 178176K, 10% used [0x00000000a0000000,0x00000000a117f468,0x00000000aae00000)
 Metaspace       used 34532K, capacity 35168K, committed 35416K, reserved 1079296K
  class space    used 4745K, capacity 4933K, committed 4992K, reserved 1048576K
}
Event: 5.781 GC heap before
{Heap before GC invocations=9 (full 2):
 PSYoungGen      total 112128K, used 99840K [0x00000000e0000000, 0x00000000e7d00000, 0x0000000100000000)
  eden space 99840K, 100% used [0x00000000e0000000,0x00000000e6180000,0x00000000e6180000)
  from space 12288K, 0% used [0x00000000e6e80000,0x00000000e6e80000,0x00000000e7a80000)
  to   space 13312K, 0% used [0x00000000e6180000,0x00000000e6180000,0x00000000e6e80000)
 ParOldGen       total 178176K, used 17917K [0x00000000a0000000, 0x00000000aae00000, 0x00000000e0000000)
  object space 178176K, 10% used [0x00000000a0000000,0x00000000a117f468,0x00000000aae00000)
 Metaspace       used 44865K, capacity 45640K, committed 45912K, reserved 1089536K
  class space    used 6019K, capacity 6242K, committed 6272K, reserved 1048576K
Event: 5.791 GC heap after
Heap after GC invocations=9 (full 2):
 PSYoungGen      total 113152K, used 13287K [0x00000000e0000000, 0x00000000ea080000, 0x0000000100000000)
  eden space 99840K, 0% used [0x00000000e0000000,0x00000000e0000000,0x00000000e6180000)
  from space 13312K, 99% used [0x00000000e6180000,0x00000000e6e79d88,0x00000000e6e80000)
  to   space 14848K, 0% used [0x00000000e9200000,0x00000000e9200000,0x00000000ea080000)
 ParOldGen       total 178176K, used 18078K [0x00000000a0000000, 0x00000000aae00000, 0x00000000e0000000)
  object space 178176K, 10% used [0x00000000a0000000,0x00000000a11a7988,0x00000000aae00000)
 Metaspace       used 44865K, capacity 45640K, committed 45912K, reserved 1089536K
  class space    used 6019K, capacity 6242K, committed 6272K, reserved 1048576K
}
Event: 6.572 GC heap before
{Heap before GC invocations=10 (full 2):
 PSYoungGen      total 113152K, used 113127K [0x00000000e0000000, 0x00000000ea080000, 0x0000000100000000)
  eden space 99840K, 100% used [0x00000000e0000000,0x00000000e6180000,0x00000000e6180000)
  from space 13312K, 99% used [0x00000000e6180000,0x00000000e6e79d88,0x00000000e6e80000)
  to   space 14848K, 0% used [0x00000000e9200000,0x00000000e9200000,0x00000000ea080000)
 ParOldGen       total 178176K, used 18078K [0x00000000a0000000, 0x00000000aae00000, 0x00000000e0000000)
  object space 178176K, 10% used [0x00000000a0000000,0x00000000a11a7988,0x00000000aae00000)
 Metaspace       used 51582K, capacity 52880K, committed 53208K, reserved 1095680K
  class space    used 6984K, capacity 7335K, committed 7424K, reserved 1048576K
Event: 6.587 GC heap after
Heap after GC invocations=10 (full 2):
 PSYoungGen      total 146944K, used 14841K [0x00000000e0000000, 0x00000000eaa00000, 0x0000000100000000)
  eden space 132096K, 0% used [0x00000000e0000000,0x00000000e0000000,0x00000000e8100000)
  from space 14848K, 99% used [0x00000000e9200000,0x00000000ea07e6d8,0x00000000ea080000)
  to   space 17408K, 0% used [0x00000000e8100000,0x00000000e8100000,0x00000000e9200000)
 ParOldGen       total 178176K, used 20440K [0x00000000a0000000, 0x00000000aae00000, 0x00000000e0000000)
  object space 178176K, 11% used [0x00000000a0000000,0x00000000a13f6028,0x00000000aae00000)
 Metaspace       used 51582K, capacity 52880K, committed 53208K, reserved 1095680K
  class space    used 6984K, capacity 7335K, committed 7424K, reserved 1048576K
}
Event: 7.482 GC heap before
{Heap before GC invocations=11 (full 2):
 PSYoungGen      total 146944K, used 106024K [0x00000000e0000000, 0x00000000eaa00000, 0x0000000100000000)
  eden space 132096K, 69% used [0x00000000e0000000,0x00000000e590b9d8,0x00000000e8100000)
  from space 14848K, 99% used [0x00000000e9200000,0x00000000ea07e6d8,0x00000000ea080000)
  to   space 17408K, 0% used [0x00000000e8100000,0x00000000e8100000,0x00000000e9200000)
 ParOldGen       total 178176K, used 20440K [0x00000000a0000000, 0x00000000aae00000, 0x00000000e0000000)
  object space 178176K, 11% used [0x00000000a0000000,0x00000000a13f6028,0x00000000aae00000)
 Metaspace       used 57340K, capacity 58960K, committed 59028K, reserved 1099776K
  class space    used 7824K, capacity 8176K, committed 8192K, reserved 1048576K
Event: 7.495 GC heap after
Heap after GC invocations=11 (full 2):
 PSYoungGen      total 149504K, used 17381K [0x00000000e0000000, 0x00000000ec980000, 0x0000000100000000)
  eden space 132096K, 0% used [0x00000000e0000000,0x00000000e0000000,0x00000000e8100000)
  from space 17408K, 99% used [0x00000000e8100000,0x00000000e91f97e0,0x00000000e9200000)
  to   space 20992K, 0% used [0x00000000eb500000,0x00000000eb500000,0x00000000ec980000)
 ParOldGen       total 178176K, used 24002K [0x00000000a0000000, 0x00000000aae00000, 0x00000000e0000000)
  object space 178176K, 13% used [0x00000000a0000000,0x00000000a1770af8,0x00000000aae00000)
 Metaspace       used 57340K, capacity 58960K, committed 59028K, reserved 1099776K
  class space    used 7824K, capacity 8176K, committed 8192K, reserved 1048576K
}
Event: 7.495 GC heap before
{Heap before GC invocations=12 (full 3):
 PSYoungGen      total 149504K, used 17381K [0x00000000e0000000, 0x00000000ec980000, 0x0000000100000000)
  eden space 132096K, 0% used [0x00000000e0000000,0x00000000e0000000,0x00000000e8100000)
  from space 17408K, 99% used [0x00000000e8100000,0x00000000e91f97e0,0x00000000e9200000)
  to   space 20992K, 0% used [0x00000000eb500000,0x00000000eb500000,0x00000000ec980000)
 ParOldGen       total 178176K, used 24002K [0x00000000a0000000, 0x00000000aae00000, 0x00000000e0000000)
  object space 178176K, 13% used [0x00000000a0000000,0x00000000a1770af8,0x00000000aae00000)
 Metaspace       used 57340K, capacity 58960K, committed 59028K, reserved 1099776K
  class space    used 7824K, capacity 8176K, committed 8192K, reserved 1048576K
Event: 7.651 GC heap after
Heap after GC invocations=12 (full 3):
 PSYoungGen      total 149504K, used 0K [0x00000000e0000000, 0x00000000ec980000, 0x0000000100000000)
  eden space 132096K, 0% used [0x00000000e0000000,0x00000000e0000000,0x00000000e8100000)
  from space 17408K, 0% used [0x00000000e8100000,0x00000000e8100000,0x00000000e9200000)
  to   space 20992K, 0% used [0x00000000eb500000,0x00000000eb500000,0x00000000ec980000)
 ParOldGen       total 266752K, used 35975K [0x00000000a0000000, 0x00000000b0480000, 0x00000000e0000000)
  object space 266752K, 13% used [0x00000000a0000000,0x00000000a2321d18,0x00000000b0480000)
 Metaspace       used 57301K, capacity 58858K, committed 59028K, reserved 1099776K
  class space    used 7812K, capacity 8155K, committed 8192K, reserved 1048576K
}

Deoptimization events (10 events):
Event: 8.091 Thread 0x000000001bc72000 Uncommon trap: reason=unstable_if action=reinterpret pc=0x00000000044b8268 method=java.util.HashMap$HashIterator.<init>(Ljava/util/HashMap;)V @ 45
Event: 8.121 Thread 0x000000001bc4a000 Uncommon trap: reason=unstable_if action=reinterpret pc=0x00000000034db5a0 method=com.esotericsoftware.kryo.io.Input.require(I)I @ 180
Event: 438.642 Thread 0x000000001d744000 Uncommon trap: reason=unstable_if action=reinterpret pc=0x0000000003d95a6c method=java.util.Arrays.hashCode([Ljava/lang/Object;)I @ 34
Event: 438.648 Thread 0x000000001d744000 Uncommon trap: reason=unstable_if action=reinterpret pc=0x0000000003e04e48 method=com.google.common.collect.MapMakerInternalMap$Segment.getEntry(Ljava/lang/Object;I)Lcom/google/common/collect/MapMakerInternalMap$InternalEntry; @ 4
Event: 438.722 Thread 0x000000001d744000 Uncommon trap: reason=null_check action=make_not_entrant pc=0x00000000045a4ce8 method=sun.nio.fs.NativeBuffers.getNativeBufferFromCache(I)Lsun/nio/fs/NativeBuffer; @ 6
Event: 438.722 Thread 0x000000001d744000 Uncommon trap: reason=null_check action=make_not_entrant pc=0x00000000045a7efc method=sun.nio.fs.NativeBuffers.releaseNativeBuffer(Lsun/nio/fs/NativeBuffer;)V @ 6
Event: 438.728 Thread 0x000000001d744000 Uncommon trap: reason=class_check action=maybe_recompile pc=0x00000000045e7f5c method=com.google.common.base.Equivalence$Equals.doEquivalent(Ljava/lang/Object;Ljava/lang/Object;)Z @ 2
Event: 438.728 Thread 0x000000001d744000 Uncommon trap: reason=class_check action=maybe_recompile pc=0x00000000045e7f5c method=com.google.common.base.Equivalence$Equals.doEquivalent(Ljava/lang/Object;Ljava/lang/Object;)Z @ 2
Event: 438.729 Thread 0x000000001d744000 Uncommon trap: reason=class_check action=maybe_recompile pc=0x00000000045e7f5c method=com.google.common.base.Equivalence$Equals.doEquivalent(Ljava/lang/Object;Ljava/lang/Object;)Z @ 2
Event: 438.729 Thread 0x000000001d744000 Uncommon trap: reason=class_check action=maybe_recompile pc=0x00000000045e7f5c method=com.google.common.base.Equivalence$Equals.doEquivalent(Ljava/lang/Object;Ljava/lang/Object;)Z @ 2

Classes redefined (0 events):
No events

Internal exceptions (10 events):
Event: 7.862 Thread 0x000000001bc78800 Exception <a 'java/lang/NoSuchMethodError': <clinit>> (0x00000000e003fa00) thrown at [D:\src\AOSP-openjdk-cygwin\jdk8u\hotspot\src\share\vm\prims\jni.cpp, line 1614]
Event: 7.862 Thread 0x000000001bc78800 Exception <a 'java/lang/NoSuchMethodError': <clinit>> (0x00000000e2cf4138) thrown at [D:\src\AOSP-openjdk-cygwin\jdk8u\hotspot\src\share\vm\prims\jni.cpp, line 1614]
Event: 7.883 Thread 0x000000001bc78800 Exception <a 'java/lang/NoSuchMethodError': <clinit>> (0x00000000e3065190) thrown at [D:\src\AOSP-openjdk-cygwin\jdk8u\hotspot\src\share\vm\prims\jni.cpp, line 1614]
Event: 7.884 Thread 0x000000001bc78800 Exception <a 'java/lang/NoSuchMethodError': <clinit>> (0x00000000e30769f8) thrown at [D:\src\AOSP-openjdk-cygwin\jdk8u\hotspot\src\share\vm\prims\jni.cpp, line 1614]
Event: 7.884 Thread 0x000000001bc78800 Exception <a 'java/lang/NoSuchMethodError': <clinit>> (0x00000000e30f4798) thrown at [D:\src\AOSP-openjdk-cygwin\jdk8u\hotspot\src\share\vm\prims\jni.cpp, line 1614]
Event: 8.019 Thread 0x000000001bc78800 Exception <a 'java/lang/NoSuchMethodError': <clinit>> (0x00000000e4467b00) thrown at [D:\src\AOSP-openjdk-cygwin\jdk8u\hotspot\src\share\vm\prims\jni.cpp, line 1614]
Event: 8.030 Thread 0x000000001bc78800 Exception <a 'java/lang/NoSuchMethodError': <clinit>> (0x00000000e44adf20) thrown at [D:\src\AOSP-openjdk-cygwin\jdk8u\hotspot\src\share\vm\prims\jni.cpp, line 1614]
Event: 8.063 Thread 0x000000001bc72000 Exception <a 'sun/nio/fs/WindowsException'> (0x00000000e4543f18) thrown at [D:\src\AOSP-openjdk-cygwin\jdk8u\hotspot\src\share\vm\prims\jni.cpp, line 710]
Event: 438.642 Thread 0x000000001d744000 Implicit null exception at 0x0000000003d959af to 0x0000000003d95a4d
Event: 438.722 Thread 0x000000001d744000 Implicit null exception at 0x00000000045a7c00 to 0x00000000045a7eec

Events (10 events):
Event: 438.728 Thread 0x000000001d744000 DEOPT UNPACKING pc=0x000000000340557b sp=0x000000001d1ea628 mode 2
Event: 438.728 Thread 0x000000001d744000 Uncommon trap: trap_request=0xffffffde fr.pc=0x00000000045e7f5c
Event: 438.728 Thread 0x000000001d744000 DEOPT PACKING pc=0x00000000045e7f5c sp=0x000000001d1ea750
Event: 438.728 Thread 0x000000001d744000 DEOPT UNPACKING pc=0x000000000340557b sp=0x000000001d1ea628 mode 2
Event: 438.728 Thread 0x000000001d744000 Uncommon trap: trap_request=0xffffffde fr.pc=0x00000000045e7f5c
Event: 438.729 Thread 0x000000001d744000 DEOPT PACKING pc=0x00000000045e7f5c sp=0x000000001d1ea750
Event: 438.729 Thread 0x000000001d744000 DEOPT UNPACKING pc=0x000000000340557b sp=0x000000001d1ea628 mode 2
Event: 438.729 Thread 0x000000001d744000 Uncommon trap: trap_request=0xffffffde fr.pc=0x00000000045e7f5c
Event: 438.729 Thread 0x000000001d744000 DEOPT PACKING pc=0x00000000045e7f5c sp=0x000000001d1ea750
Event: 438.729 Thread 0x000000001d744000 DEOPT UNPACKING pc=0x000000000340557b sp=0x000000001d1ea628 mode 2


Dynamic libraries:
0x00007ff77b1a0000 - 0x00007ff77b1d1000 	C:\Program Files\Android\Android Studio\jre\bin\java.exe
0x00007ffb9b8e0000 - 0x00007ffb9bad0000 	C:\WINDOWS\SYSTEM32\ntdll.dll
0x00007ffb9a7a0000 - 0x00007ffb9a852000 	C:\WINDOWS\System32\KERNEL32.DLL
0x00007ffb98980000 - 0x00007ffb98c23000 	C:\WINDOWS\System32\KERNELBASE.dll
0x00007ffb9b030000 - 0x00007ffb9b0d3000 	C:\WINDOWS\System32\ADVAPI32.dll
0x00007ffb9b6f0000 - 0x00007ffb9b78e000 	C:\WINDOWS\System32\msvcrt.dll
0x00007ffb9ad90000 - 0x00007ffb9ae27000 	C:\WINDOWS\System32\sechost.dll
0x00007ffb9aeb0000 - 0x00007ffb9afd0000 	C:\WINDOWS\System32\RPCRT4.dll
0x00007ffb9abc0000 - 0x00007ffb9ad54000 	C:\WINDOWS\System32\USER32.dll
0x00007ffb98d30000 - 0x00007ffb98d51000 	C:\WINDOWS\System32\win32u.dll
0x00007ffb9ad60000 - 0x00007ffb9ad86000 	C:\WINDOWS\System32\GDI32.dll
0x00007ffb98ef0000 - 0x00007ffb99084000 	C:\WINDOWS\System32\gdi32full.dll
0x00007ffb98870000 - 0x00007ffb9890e000 	C:\WINDOWS\System32\msvcp_win.dll
0x00007ffb98c30000 - 0x00007ffb98d2a000 	C:\WINDOWS\System32\ucrtbase.dll
0x00007ffb83890000 - 0x00007ffb83b15000 	C:\WINDOWS\WinSxS\amd64_microsoft.windows.common-controls_6595b64144ccf1df_6.0.18362.535_none_e6c3b34713100821\COMCTL32.dll
0x00007ffb9b180000 - 0x00007ffb9b4b6000 	C:\WINDOWS\System32\combase.dll
0x00007ffb98d60000 - 0x00007ffb98de0000 	C:\WINDOWS\System32\bcryptPrimitives.dll
0x00007ffb99990000 - 0x00007ffb999be000 	C:\WINDOWS\System32\IMM32.DLL
0x000000005b210000 - 0x000000005b2e2000 	C:\Program Files\Android\Android Studio\jre\jre\bin\msvcr100.dll
0x000000005b400000 - 0x000000005bc46000 	C:\Program Files\Android\Android Studio\jre\jre\bin\server\jvm.dll
0x00007ffb999c0000 - 0x00007ffb999c8000 	C:\WINDOWS\System32\PSAPI.DLL
0x00007ffb88d00000 - 0x00007ffb88d09000 	C:\WINDOWS\SYSTEM32\WSOCK32.dll
0x00007ffb94970000 - 0x00007ffb9497a000 	C:\WINDOWS\SYSTEM32\VERSION.dll
0x00007ffb95560000 - 0x00007ffb95584000 	C:\WINDOWS\SYSTEM32\WINMM.dll
0x00007ffb9a040000 - 0x00007ffb9a0af000 	C:\WINDOWS\System32\WS2_32.dll
0x00007ffb954f0000 - 0x00007ffb9551d000 	C:\WINDOWS\SYSTEM32\winmmbase.dll
0x00007ffb98910000 - 0x00007ffb9895a000 	C:\WINDOWS\System32\cfgmgr32.dll
0x00007ffb84180000 - 0x00007ffb8418f000 	C:\Program Files\Android\Android Studio\jre\jre\bin\verify.dll
0x00007ffb6f180000 - 0x00007ffb6f1a9000 	C:\Program Files\Android\Android Studio\jre\jre\bin\java.dll
0x00007ffb7ea50000 - 0x00007ffb7ea66000 	C:\Program Files\Android\Android Studio\jre\jre\bin\zip.dll
0x00007ffb9a0b0000 - 0x00007ffb9a795000 	C:\WINDOWS\System32\SHELL32.dll
0x00007ffb9b790000 - 0x00007ffb9b839000 	C:\WINDOWS\System32\shcore.dll
0x00007ffb99090000 - 0x00007ffb9980f000 	C:\WINDOWS\System32\windows.storage.dll
0x00007ffb98850000 - 0x00007ffb9886f000 	C:\WINDOWS\System32\profapi.dll
0x00007ffb987c0000 - 0x00007ffb9880a000 	C:\WINDOWS\System32\powrprof.dll
0x00007ffb987b0000 - 0x00007ffb987c0000 	C:\WINDOWS\System32\UMPDC.dll
0x00007ffb9b840000 - 0x00007ffb9b892000 	C:\WINDOWS\System32\shlwapi.dll
0x00007ffb98810000 - 0x00007ffb98821000 	C:\WINDOWS\System32\kernel.appcore.dll
0x00007ffb98960000 - 0x00007ffb98977000 	C:\WINDOWS\System32\cryptsp.dll
0x00007ffb6f500000 - 0x00007ffb6f51a000 	C:\Program Files\Android\Android Studio\jre\jre\bin\net.dll
0x00007ffb97fc0000 - 0x00007ffb98027000 	C:\WINDOWS\system32\mswsock.dll
0x00007ffb69a80000 - 0x00007ffb69a91000 	C:\Program Files\Android\Android Studio\jre\jre\bin\nio.dll
0x00007ffb82c00000 - 0x00007ffb82c26000 	C:\Users\samx\.gradle\native\29\windows-amd64\native-platform.dll
0x00007ffb83eb0000 - 0x00007ffb83ebd000 	C:\Program Files\Android\Android Studio\jre\jre\bin\management.dll
0x00007ffb97b30000 - 0x00007ffb97b63000 	C:\WINDOWS\system32\rsaenh.dll
0x00007ffb99810000 - 0x00007ffb99836000 	C:\WINDOWS\System32\bcrypt.dll
0x00007ffb986d0000 - 0x00007ffb986f5000 	C:\WINDOWS\SYSTEM32\USERENV.dll
0x00007ffb98190000 - 0x00007ffb9819c000 	C:\WINDOWS\SYSTEM32\CRYPTBASE.dll
0x00007ffb97cd0000 - 0x00007ffb97d0a000 	C:\WINDOWS\SYSTEM32\IPHLPAPI.DLL
0x00007ffb9a9a0000 - 0x00007ffb9a9a8000 	C:\WINDOWS\System32\NSI.dll
0x00007ffb93790000 - 0x00007ffb937a6000 	C:\WINDOWS\SYSTEM32\dhcpcsvc6.DLL
0x00007ffb93760000 - 0x00007ffb9377c000 	C:\WINDOWS\SYSTEM32\dhcpcsvc.DLL
0x00007ffb97d10000 - 0x00007ffb97dda000 	C:\WINDOWS\SYSTEM32\DNSAPI.dll

VM Arguments:
jvm_args: -Xmx1536m -Dfile.encoding=windows-1252 -Duser.country=IN -Duser.language=en -Duser.variant 
java_command: org.gradle.launcher.daemon.bootstrap.GradleDaemon 5.4.1
java_class_path (initial): C:\Users\samx\.gradle\wrapper\dists\gradle-5.4.1-all\3221gyojl5jsh0helicew7rwx\gradle-5.4.1\lib\gradle-launcher-5.4.1.jar
Launcher Type: SUN_STANDARD

Environment Variables:
PATH=C:\Program Files (x86)\Intel\Intel(R) Management Engine Components\iCLS\;C:\Program Files\Intel\Intel(R) Management Engine Components\iCLS\;C:\WINDOWS\system32;C:\WINDOWS;C:\WINDOWS\System32\Wbem;C:\WINDOWS\System32\WindowsPowerShell\v1.0\;C:\Program Files (x86)\Intel\Intel(R) Management Engine Components\DAL;C:\Program Files\Intel\Intel(R) Management Engine Components\DAL;C:\Program Files (x86)\Intel\Intel(R) Management Engine Components\IPT;C:\Program Files\Intel\Intel(R) Management Engine Components\IPT;C:\WINDOWS\System32\OpenSSH\;C:\Users\samx\AppData\Local\Microsoft\WindowsApps;C:\Users\samx\AppData\Local\atom\bin;C:\Users\samx\AppData\Local\GitHubDesktop\bin;%USERPROFILE%\AppData\Local\Microsoft\WindowsApps;
USERNAME=samx
OS=Windows_NT
PROCESSOR_IDENTIFIER=Intel64 Family 6 Model 158 Stepping 10, GenuineIntel



---------------  S Y S T E M  ---------------

OS: Windows 10.0 , 64 bit Build 18362 (10.0.18362.329)

CPU:total 12 (initial active 12) (6 cores per cpu, 2 threads per core) family 6 model 158 stepping 10, cmov, cx8, fxsr, mmx, sse, sse2, sse3, ssse3, sse4.1, sse4.2, popcnt, avx, avx2, aes, clmul, erms, rtm, 3dnowpref, lzcnt, ht, tsc, tscinvbit, bmi1, bmi2, adx

Memory: 4k page, physical 16626012k(3473084k free), swap 66957660k(3836k free)

vm_info: OpenJDK 64-Bit Server VM (25.202-b03) for windows-amd64 JRE (1.8.0_202-release-1483-b03), built by "builder" with MS VC++ 10.0 (VS2010)

time: Tue Jan 07 20:53:51 2020
timezone: India Standard Time
elapsed time: 438 seconds (0d 0h 7m 18s)

